[0.006s] Invoking command in '/home/nomad/turtlebot3_ws/build/turtlebot3_node': CMAKE_PREFIX_PATH=${CMAKE_PREFIX_PATH}:/home/nomad/turtlebot3_ws/install/turtlebot3_teleop:/home/nomad/turtlebot3_ws/install/turtlebot3_example:/opt/ros/jazzy DEBUGINFOD_URLS=https://debuginfod.ubuntu.com /usr/bin/cmake --build /home/nomad/turtlebot3_ws/build/turtlebot3_node -- -j2 -l2
[0.090s] [ 85%] Built target turtlebot3_node_lib
[0.133s] [100%] Built target turtlebot3_ros
[0.145s] Invoked command in '/home/nomad/turtlebot3_ws/build/turtlebot3_node' returned '0': CMAKE_PREFIX_PATH=${CMAKE_PREFIX_PATH}:/home/nomad/turtlebot3_ws/install/turtlebot3_teleop:/home/nomad/turtlebot3_ws/install/turtlebot3_example:/opt/ros/jazzy DEBUGINFOD_URLS=https://debuginfod.ubuntu.com /usr/bin/cmake --build /home/nomad/turtlebot3_ws/build/turtlebot3_node -- -j2 -l2
[0.146s] Invoking command in '/home/nomad/turtlebot3_ws/build/turtlebot3_node': CMAKE_PREFIX_PATH=${CMAKE_PREFIX_PATH}:/home/nomad/turtlebot3_ws/install/turtlebot3_teleop:/home/nomad/turtlebot3_ws/install/turtlebot3_example:/opt/ros/jazzy DEBUGINFOD_URLS=https://debuginfod.ubuntu.com /usr/bin/cmake --install /home/nomad/turtlebot3_ws/build/turtlebot3_node
[0.164s] -- Install configuration: ""
[0.164s] -- Execute custom install script
[0.164s] -- Up-to-date symlink: /home/nomad/turtlebot3_ws/install/turtlebot3_node/share/turtlebot3_node/param/burger.yaml
[0.164s] -- Up-to-date symlink: /home/nomad/turtlebot3_ws/install/turtlebot3_node/share/turtlebot3_node/param/waffle.yaml
[0.164s] -- Up-to-date symlink: /home/nomad/turtlebot3_ws/install/turtlebot3_node/share/turtlebot3_node/param/waffle_pi.yaml
[0.165s] -- Up-to-date symlink: /home/nomad/turtlebot3_ws/install/turtlebot3_node/lib/turtlebot3_node/turtlebot3_ros
[0.165s] -- Up-to-date symlink: /home/nomad/turtlebot3_ws/install/turtlebot3_node/share/ament_index/resource_index/package_run_dependencies/turtlebot3_node
[0.165s] -- Up-to-date symlink: /home/nomad/turtlebot3_ws/install/turtlebot3_node/share/ament_index/resource_index/parent_prefix_path/turtlebot3_node
[0.166s] -- Up-to-date symlink: /home/nomad/turtlebot3_ws/install/turtlebot3_node/share/turtlebot3_node/environment/ament_prefix_path.sh
[0.167s] -- Up-to-date symlink: /home/nomad/turtlebot3_ws/install/turtlebot3_node/share/turtlebot3_node/environment/ament_prefix_path.dsv
[0.167s] -- Up-to-date symlink: /home/nomad/turtlebot3_ws/install/turtlebot3_node/share/turtlebot3_node/environment/path.sh
[0.167s] -- Up-to-date symlink: /home/nomad/turtlebot3_ws/install/turtlebot3_node/share/turtlebot3_node/environment/path.dsv
[0.167s] -- Up-to-date symlink: /home/nomad/turtlebot3_ws/install/turtlebot3_node/share/turtlebot3_node/local_setup.bash
[0.167s] -- Up-to-date symlink: /home/nomad/turtlebot3_ws/install/turtlebot3_node/share/turtlebot3_node/local_setup.sh
[0.167s] -- Up-to-date symlink: /home/nomad/turtlebot3_ws/install/turtlebot3_node/share/turtlebot3_node/local_setup.zsh
[0.167s] -- Up-to-date symlink: /home/nomad/turtlebot3_ws/install/turtlebot3_node/share/turtlebot3_node/local_setup.dsv
[0.167s] -- Symlinking: /home/nomad/turtlebot3_ws/install/turtlebot3_node/share/turtlebot3_node/package.dsv
[0.179s] -- Up-to-date symlink: /home/nomad/turtlebot3_ws/install/turtlebot3_node/share/ament_index/resource_index/packages/turtlebot3_node
[0.180s] -- Up-to-date symlink: /home/nomad/turtlebot3_ws/install/turtlebot3_node/share/turtlebot3_node/cmake/ament_cmake_export_dependencies-extras.cmake
[0.180s] -- Up-to-date symlink: /home/nomad/turtlebot3_ws/install/turtlebot3_node/share/turtlebot3_node/cmake/ament_cmake_export_include_directories-extras.cmake
[0.181s] -- Up-to-date symlink: /home/nomad/turtlebot3_ws/install/turtlebot3_node/share/turtlebot3_node/cmake/turtlebot3_nodeConfig.cmake
[0.181s] -- Up-to-date symlink: /home/nomad/turtlebot3_ws/install/turtlebot3_node/share/turtlebot3_node/cmake/turtlebot3_nodeConfig-version.cmake
[0.182s] -- Up-to-date symlink: /home/nomad/turtlebot3_ws/install/turtlebot3_node/share/turtlebot3_node/package.xml
[0.202s] Invoked command in '/home/nomad/turtlebot3_ws/build/turtlebot3_node' returned '0': CMAKE_PREFIX_PATH=${CMAKE_PREFIX_PATH}:/home/nomad/turtlebot3_ws/install/turtlebot3_teleop:/home/nomad/turtlebot3_ws/install/turtlebot3_example:/opt/ros/jazzy DEBUGINFOD_URLS=https://debuginfod.ubuntu.com /usr/bin/cmake --install /home/nomad/turtlebot3_ws/build/turtlebot3_node
