[0.053s] Invoking command in '/home/nomad/turtlebot3_ws/build/turtlebot3_gazebo': CMAKE_PREFIX_PATH=${CMAKE_PREFIX_PATH}:/home/nomad/turtlebot3_ws/install/turtlebot3_teleop:/home/nomad/turtlebot3_ws/install/turtlebot3_example:/opt/ros/jazzy DEBUGINFOD_URLS=https://debuginfod.ubuntu.com /usr/bin/cmake /home/nomad/turtlebot3_ws/src/turtlebot3_simulations/turtlebot3_gazebo -DAMENT_CMAKE_SYMLINK_INSTALL=1 -DCMAKE_INSTALL_PREFIX=/home/nomad/turtlebot3_ws/install/turtlebot3_gazebo
[0.116s] -- The C compiler identification is GNU 13.3.0
[0.174s] -- The CXX compiler identification is GNU 13.3.0
[0.188s] -- Detecting C compiler ABI info
[0.313s] -- Detecting C compiler ABI info - done
[0.330s] -- Check for working C compiler: /usr/bin/cc - skipped
[0.330s] -- Detecting C compile features
[0.330s] -- Detecting C compile features - done
[0.350s] -- Detecting CXX compiler ABI info
[0.455s] -- Detecting CXX compiler ABI info - done
[0.463s] -- Check for working CXX compiler: /usr/bin/c++ - skipped
[0.463s] -- Detecting CXX compile features
[0.464s] -- Detecting CXX compile features - done
[0.467s] -- Found ament_cmake: 2.5.4 (/opt/ros/jazzy/share/ament_cmake/cmake)
[0.649s] -- Found Python3: /usr/bin/python3 (found version "3.12.3") found components: Interpreter 
[0.736s] -- Override CMake install command with custom implementation using symlinks instead of copying resources
[0.786s] -- Found ros_gz_sim: 1.0.16 (/opt/ros/jazzy/share/ros_gz_sim/cmake)
[0.859s] -- Found rosidl_generator_c: 4.6.6 (/opt/ros/jazzy/share/rosidl_generator_c/cmake)
[0.877s] -- Found rosidl_generator_cpp: 4.6.6 (/opt/ros/jazzy/share/rosidl_generator_cpp/cmake)
[0.911s] -- Using all available rosidl_typesupport_c: rosidl_typesupport_fastrtps_c;rosidl_typesupport_introspection_c
[0.934s] -- Using all available rosidl_typesupport_cpp: rosidl_typesupport_fastrtps_cpp;rosidl_typesupport_introspection_cpp
[1.038s] -- Found rmw_implementation_cmake: 7.3.2 (/opt/ros/jazzy/share/rmw_implementation_cmake/cmake)
[1.045s] -- Found rmw_fastrtps_cpp: 8.4.3 (/opt/ros/jazzy/share/rmw_fastrtps_cpp/cmake)
[1.205s] -- Found OpenSSL: /usr/lib/x86_64-linux-gnu/libcrypto.so (found version "3.0.13")  
[1.226s] -- Found FastRTPS: /opt/ros/jazzy/include (Required is at least version "2.13") 
[1.275s] -- Using RMW implementation 'rmw_fastrtps_cpp' as default
[1.673s] -- Found nav_msgs: 5.3.6 (/opt/ros/jazzy/share/nav_msgs/cmake)
[1.711s] -- Found sensor_msgs: 5.3.6 (/opt/ros/jazzy/share/sensor_msgs/cmake)
[1.752s] -- Found gz_math_vendor: 0.0.8 (/opt/ros/jazzy/share/gz_math_vendor/cmake)
[1.759s] -- Looking for gz-math7 -- found version 7.5.2
[1.777s] -- Searching for dependencies of gz-math7
[1.780s] -- Looking for gz-utils2 -- found version 2.2.1
[1.781s] -- Searching for dependencies of gz-utils2
[1.786s] -- Found gz_sim_vendor: 0.0.8 (/opt/ros/jazzy/share/gz_sim_vendor/cmake)
[1.912s] -- Looking for gz-sim8 -- found version 8.9.0
[1.913s] -- Searching for dependencies of gz-sim8
[1.915s] -- Looking for sdformat14 -- found version 14.8.0
[1.915s] -- Searching for dependencies of sdformat14
[1.924s] -- Checking for module 'tinyxml2'
[1.947s] --   Found tinyxml2, version 10.0.0
[1.974s] -- Looking for gz-math7 -- found version 7.5.2
[1.974s] -- Looking for gz-utils2 -- found version 2.2.1
[1.974s] -- Searching for dependencies of gz-utils2
[1.975s] -- Searching for <gz-utils2> component [cli]
[1.979s] -- Looking for gz-utils2-cli -- found version 2.2.1
[1.979s] -- Searching for dependencies of gz-utils2-cli
[1.987s] -- Looking for gz-plugin2 -- found version 2.0.4
[1.987s] -- Searching for dependencies of gz-plugin2
[1.988s] -- Looking for gz-utils2 -- found version 2.2.1
[1.989s] -- Searching for <gz-plugin2> component [loader]
[1.992s] -- Looking for gz-plugin2-loader -- found version 2.0.4
[1.992s] -- Searching for dependencies of gz-plugin2-loader
[1.996s] -- Searching for <gz-plugin2> component [register]
[1.998s] -- Looking for gz-plugin2-register -- found version 2.0.4
[1.998s] -- Searching for dependencies of gz-plugin2-register
[2.000s] -- Looking for gz-transport13 -- found version 13.4.1
[2.002s] -- Searching for dependencies of gz-transport13
[2.191s] -- Found Protobuf: /usr/lib/x86_64-linux-gnu/libprotobuf.so (found version "3.21.12") 
[2.202s] -- Config-file not installed for ZeroMQ -- checking for pkg-config
[2.203s] -- Checking for module 'libzmq >= 4'
[2.233s] --   Found libzmq, version 4.3.5
[2.320s] -- Found ZeroMQ: TRUE (Required is at least version "4") 
[2.326s] -- Checking for module 'uuid'
[2.351s] --   Found uuid, version 2.39.3
[2.379s] -- Found UUID: TRUE  
[2.383s] -- Looking for gz-utils2 -- found version 2.2.1
[2.383s] -- Looking for gz-msgs10 -- found version 10.3.2
[2.383s] -- Searching for dependencies of gz-msgs10
[2.425s] -- Looking for gz-utils2 -- found version 2.2.1
[2.425s] -- Looking for gz-math7 -- found version 7.5.2
[2.437s] -- Searching for <gz-transport13> component [log]
[2.440s] -- Looking for gz-transport13-log -- found version 13.4.1
[2.441s] -- Searching for dependencies of gz-transport13-log
[2.443s] -- Searching for <gz-transport13> component [parameters]
[2.445s] -- Looking for gz-transport13-parameters -- found version 13.4.1
[2.445s] -- Searching for dependencies of gz-transport13-parameters
[2.458s] -- Looking for gz-msgs10 -- found version 10.3.2
[2.463s] -- Looking for gz-common5 -- found version 5.7.1
[2.464s] -- Searching for dependencies of gz-common5
[2.464s] -- Looking for gz-utils2 -- found version 2.2.1
[2.467s] -- Looking for dlfcn.h - found
[2.469s] -- Looking for libdl - found
[2.470s] -- Found DL: TRUE  
[2.484s] -- Searching for <gz-common5> component [av]
[2.493s] -- Looking for gz-common5-av -- found version 5.7.1
[2.493s] -- Searching for dependencies of gz-common5-av
[2.501s] -- Checking for module 'libswscale'
[2.519s] --   Found libswscale, version 7.5.100
[2.576s] -- Found SWSCALE: TRUE  
[2.582s] -- Checking for module 'libavdevice >= 56.4.100'
[2.600s] --   Found libavdevice, version 60.3.100
[2.640s] -- Found AVDEVICE: TRUE (Required is at least version "56.4.100") 
[2.645s] -- Checking for module 'libavformat'
[2.654s] --   Found libavformat, version 60.16.100
[2.752s] -- Found AVFORMAT: TRUE  
[2.755s] -- Checking for module 'libavcodec'
[2.785s] --   Found libavcodec, version 60.31.102
[2.818s] -- Found AVCODEC: TRUE  
[2.823s] -- Checking for module 'libavutil'
[2.830s] --   Found libavutil, version 58.29.100
[2.872s] -- Found AVUTIL: TRUE  
[2.876s] -- Searching for <gz-common5> component [events]
[2.881s] -- Looking for gz-common5-events -- found version 5.7.1
[2.881s] -- Searching for dependencies of gz-common5-events
[2.881s] -- Looking for gz-math7 -- found version 7.5.2
[2.883s] -- Searching for <gz-common5> component [graphics]
[2.886s] -- Looking for gz-common5-graphics -- found version 5.7.1
[2.887s] -- Searching for dependencies of gz-common5-graphics
[2.887s] -- Looking for gz-math7 -- found version 7.5.2
[2.894s] -- Found GzAssimp: TRUE (found version "5.3.0") 
[2.897s] -- Searching for <gz-common5> component [io]
[2.901s] -- Looking for gz-common5-io -- found version 5.7.1
[2.901s] -- Searching for dependencies of gz-common5-io
[2.901s] -- Searching for <gz-common5> component [profiler]
[2.907s] -- Looking for gz-common5-profiler -- found version 5.7.1
[2.907s] -- Searching for dependencies of gz-common5-profiler
[2.910s] -- Looking for gz-fuel_tools9 -- found version 9.1.1
[2.910s] -- Searching for dependencies of gz-fuel_tools9
[3.029s] -- Found CURL: /usr/lib/x86_64-linux-gnu/libcurl.so (found version "8.5.0")  
[3.039s] -- Checking for module 'jsoncpp'
[3.082s] --   Found jsoncpp, version 1.9.5
[3.140s] -- Found JSONCPP: TRUE  
[3.158s] -- Checking for module 'yaml-0.1'
[3.189s] --   Found yaml-0.1, version 0.2.5
[3.222s] -- Found YAML: TRUE  
[3.226s] -- Checking for module 'libzip'
[3.248s] --   Found libzip, version 1.7.3
[3.358s] -- Found ZIP: TRUE  
[3.358s] -- Looking for gz-utils2 -- found version 2.2.1
[3.359s] -- Looking for gz-common5 -- found version 5.7.1
[3.359s] -- Searching for dependencies of gz-common5
[3.359s] -- Looking for gz-utils2 -- found version 2.2.1
[3.360s] -- Looking for dlfcn.h - found
[3.360s] -- Looking for libdl - found
[3.377s] -- Searching for <gz-common5> component [testing]
[3.380s] -- Looking for gz-common5-testing -- found version 5.7.1
[3.380s] -- Searching for dependencies of gz-common5-testing
[3.383s] -- Looking for gz-math7 -- found version 7.5.2
[3.384s] -- Looking for gz-msgs10 -- found version 10.3.2
[3.397s] -- Looking for gz-gui8 -- found version 8.4.0
[3.398s] -- Searching for dependencies of gz-gui8
[3.423s] -- Looking for gz-utils2 -- found version 2.2.1
[3.424s] -- Looking for gz-math7 -- found version 7.5.2
[3.424s] -- Looking for gz-common5 -- found version 5.7.1
[3.424s] -- Looking for gz-plugin2 -- found version 2.0.4
[3.426s] -- Looking for gz-transport13 -- found version 13.4.1
[3.428s] -- Looking for gz-rendering8 -- found version 8.2.2
[3.428s] -- Searching for dependencies of gz-rendering8
[3.428s] -- Looking for gz-math7 -- found version 7.5.2
[3.428s] -- Searching for dependencies of gz-math7
[3.429s] -- Looking for gz-utils2 -- found version 2.2.1
[3.429s] -- Searching for <gz-math7> component [eigen3]
[3.431s] -- Looking for gz-math7-eigen3 -- found version 7.5.2
[3.431s] -- Searching for dependencies of gz-math7-eigen3
[3.444s] -- Looking for gz-common5 -- found version 5.7.1
[3.444s] -- Searching for dependencies of gz-common5
[3.444s] -- Looking for gz-utils2 -- found version 2.2.1
[3.444s] -- Looking for dlfcn.h - found
[3.444s] -- Looking for libdl - found
[3.451s] -- Searching for <gz-common5> component [graphics]
[3.451s] -- Searching for <gz-common5> component [events]
[3.451s] -- Searching for <gz-common5> component [geospatial]
[3.455s] -- Looking for gz-common5-geospatial -- found version 5.7.1
[3.455s] -- Searching for dependencies of gz-common5-geospatial
[3.455s] -- Looking for gz-math7 -- found version 7.5.2
[3.455s] -- Looking for gz-common5 -- found version 5.7.1
[3.457s] -- Looking for gz-plugin2 -- found version 2.0.4
[3.457s] -- Searching for dependencies of gz-plugin2
[3.458s] -- Looking for gz-utils2 -- found version 2.2.1
[3.458s] -- Searching for <gz-plugin2> component [all]
[3.461s] -- Looking for all libraries of gz-plugin2 -- found version 2.0.4
[3.462s] -- Looking for gz-plugin2 -- found version 2.0.4
[3.463s] -- Looking for gz-utils2 -- found version 2.2.1
[3.475s] -- Found OpenGL: /usr/lib/x86_64-linux-gnu/libOpenGL.so  found components: OpenGL 
[3.481s] -- Looking for gz-msgs10 -- found version 10.3.2
[3.529s] -- Looking for gz-physics7 -- found version 7.5.0
[3.529s] -- Searching for dependencies of gz-physics7
[3.530s] -- Looking for gz-common5 -- found version 5.7.1
[3.531s] -- Looking for gz-math7 -- found version 7.5.2
[3.531s] -- Looking for gz-plugin2 -- found version 2.0.4
[3.531s] -- Looking for gz-utils2 -- found version 2.2.1
[3.535s] -- Searching for <gz-physics7> component [heightmap]
[3.541s] -- Looking for gz-physics7-heightmap -- found version 7.5.0
[3.541s] -- Searching for dependencies of gz-physics7-heightmap
[3.541s] -- Looking for gz-common5 -- found version 5.7.1
[3.545s] -- Searching for <gz-physics7> component [mesh]
[3.551s] -- Looking for gz-physics7-mesh -- found version 7.5.0
[3.552s] -- Searching for dependencies of gz-physics7-mesh
[3.552s] -- Looking for gz-common5 -- found version 5.7.1
[3.553s] -- Searching for <gz-physics7> component [sdf]
[3.555s] -- Looking for gz-physics7-sdf -- found version 7.5.0
[3.555s] -- Searching for dependencies of gz-physics7-sdf
[3.556s] -- Looking for sdformat14 -- found version 14.8.0
[3.561s] -- Looking for gz-sensors8 -- found version 8.2.2
[3.561s] -- Searching for dependencies of gz-sensors8
[3.577s] -- Looking for gz-math7 -- found version 7.5.2
[3.577s] -- Looking for gz-common5 -- found version 5.7.1
[3.577s] -- Looking for gz-transport13 -- found version 13.4.1
[3.578s] -- Looking for gz-rendering8 -- found version 8.2.2
[3.578s] -- Looking for gz-msgs10 -- found version 10.3.2
[3.578s] -- Looking for sdformat14 -- found version 14.8.0
[3.588s] -- Searching for <gz-sensors8> component [air_pressure]
[3.591s] -- Looking for gz-sensors8-air_pressure -- found version 8.2.2
[3.591s] -- Searching for dependencies of gz-sensors8-air_pressure
[3.593s] -- Searching for <gz-sensors8> component [air_speed]
[3.595s] -- Looking for gz-sensors8-air_speed -- found version 8.2.2
[3.595s] -- Searching for dependencies of gz-sensors8-air_speed
[3.597s] -- Searching for <gz-sensors8> component [altimeter]
[3.598s] -- Looking for gz-sensors8-altimeter -- found version 8.2.2
[3.598s] -- Searching for dependencies of gz-sensors8-altimeter
[3.599s] -- Searching for <gz-sensors8> component [imu]
[3.602s] -- Looking for gz-sensors8-imu -- found version 8.2.2
[3.602s] -- Searching for dependencies of gz-sensors8-imu
[3.603s] -- Searching for <gz-sensors8> component [force_torque]
[3.605s] -- Looking for gz-sensors8-force_torque -- found version 8.2.2
[3.605s] -- Searching for dependencies of gz-sensors8-force_torque
[3.607s] -- Searching for <gz-sensors8> component [logical_camera]
[3.608s] -- Looking for gz-sensors8-logical_camera -- found version 8.2.2
[3.608s] -- Searching for dependencies of gz-sensors8-logical_camera
[3.610s] -- Searching for <gz-sensors8> component [magnetometer]
[3.612s] -- Looking for gz-sensors8-magnetometer -- found version 8.2.2
[3.612s] -- Searching for dependencies of gz-sensors8-magnetometer
[3.613s] -- Searching for <gz-sensors8> component [navsat]
[3.615s] -- Looking for gz-sensors8-navsat -- found version 8.2.2
[3.615s] -- Searching for dependencies of gz-sensors8-navsat
[3.616s] -- Searching for <gz-sensors8> component [dvl]
[3.641s] -- Looking for gz-sensors8-dvl -- found version 8.2.2
[3.641s] -- Searching for dependencies of gz-sensors8-dvl
[3.642s] -- Looking for gz-sensors8 -- found version 8.2.2
[3.642s] -- Searching for dependencies of gz-sensors8
[3.658s] -- Looking for gz-math7 -- found version 7.5.2
[3.659s] -- Looking for gz-common5 -- found version 5.7.1
[3.659s] -- Looking for gz-transport13 -- found version 13.4.1
[3.660s] -- Looking for gz-rendering8 -- found version 8.2.2
[3.671s] -- Looking for gz-msgs10 -- found version 10.3.2
[3.671s] -- Looking for sdformat14 -- found version 14.8.0
[3.671s] -- Searching for <gz-sensors8> component [rendering]
[3.675s] -- Looking for gz-sensors8-rendering -- found version 8.2.2
[3.677s] -- Searching for dependencies of gz-sensors8-rendering
[3.679s] -- Searching for <gz-sensors8> component [rendering]
[3.679s] -- Searching for <gz-sensors8> component [lidar]
[3.683s] -- Looking for gz-sensors8-lidar -- found version 8.2.2
[3.683s] -- Searching for dependencies of gz-sensors8-lidar
[3.684s] -- Looking for gz-sensors8 -- found version 8.2.2
[3.686s] -- Searching for <gz-sensors8> component [gpu_lidar]
[3.688s] -- Looking for gz-sensors8-gpu_lidar -- found version 8.2.2
[3.688s] -- Searching for dependencies of gz-sensors8-gpu_lidar
[3.688s] -- Looking for gz-sensors8 -- found version 8.2.2
[3.690s] -- Searching for <gz-sensors8> component [camera]
[3.692s] -- Looking for gz-sensors8-camera -- found version 8.2.2
[3.692s] -- Searching for dependencies of gz-sensors8-camera
[3.692s] -- Looking for gz-sensors8 -- found version 8.2.2
[3.694s] -- Searching for <gz-sensors8> component [boundingbox_camera]
[3.698s] -- Looking for gz-sensors8-boundingbox_camera -- found version 8.2.2
[3.698s] -- Searching for dependencies of gz-sensors8-boundingbox_camera
[3.699s] -- Searching for <gz-sensors8> component [segmentation_camera]
[3.701s] -- Looking for gz-sensors8-segmentation_camera -- found version 8.2.2
[3.701s] -- Searching for dependencies of gz-sensors8-segmentation_camera
[3.703s] -- Searching for <gz-sensors8> component [depth_camera]
[3.705s] -- Looking for gz-sensors8-depth_camera -- found version 8.2.2
[3.705s] -- Searching for dependencies of gz-sensors8-depth_camera
[3.705s] -- Looking for gz-sensors8 -- found version 8.2.2
[3.706s] -- Searching for <gz-sensors8> component [rgbd_camera]
[3.708s] -- Looking for gz-sensors8-rgbd_camera -- found version 8.2.2
[3.708s] -- Searching for dependencies of gz-sensors8-rgbd_camera
[3.709s] -- Looking for gz-sensors8 -- found version 8.2.2
[3.710s] -- Searching for <gz-sensors8> component [thermal_camera]
[3.712s] -- Looking for gz-sensors8-thermal_camera -- found version 8.2.2
[3.712s] -- Searching for dependencies of gz-sensors8-thermal_camera
[3.720s] -- Looking for gz-sensors8 -- found version 8.2.2
[3.720s] -- Searching for <gz-sensors8> component [wide_angle_camera]
[3.727s] -- Looking for gz-sensors8-wide_angle_camera -- found version 8.2.2
[3.727s] -- Searching for dependencies of gz-sensors8-wide_angle_camera
[3.729s] -- Looking for gz-rendering8 -- found version 8.2.2
[3.729s] -- Looking for gz-math7 -- found version 7.5.2
[3.729s] -- Looking for gz-utils2 -- found version 2.2.1
[3.750s] -- Looking for gz-plugin2 -- found version 2.0.4
[3.836s] -- Configuring done (3.8s)
[3.868s] -- Generating done (0.0s)
[3.879s] -- Build files have been written to: /home/nomad/turtlebot3_ws/build/turtlebot3_gazebo
[3.896s] Invoked command in '/home/nomad/turtlebot3_ws/build/turtlebot3_gazebo' returned '0': CMAKE_PREFIX_PATH=${CMAKE_PREFIX_PATH}:/home/nomad/turtlebot3_ws/install/turtlebot3_teleop:/home/nomad/turtlebot3_ws/install/turtlebot3_example:/opt/ros/jazzy DEBUGINFOD_URLS=https://debuginfod.ubuntu.com /usr/bin/cmake /home/nomad/turtlebot3_ws/src/turtlebot3_simulations/turtlebot3_gazebo -DAMENT_CMAKE_SYMLINK_INSTALL=1 -DCMAKE_INSTALL_PREFIX=/home/nomad/turtlebot3_ws/install/turtlebot3_gazebo
[3.901s] Invoking command in '/home/nomad/turtlebot3_ws/build/turtlebot3_gazebo': CMAKE_PREFIX_PATH=${CMAKE_PREFIX_PATH}:/home/nomad/turtlebot3_ws/install/turtlebot3_teleop:/home/nomad/turtlebot3_ws/install/turtlebot3_example:/opt/ros/jazzy DEBUGINFOD_URLS=https://debuginfod.ubuntu.com /usr/bin/cmake --build /home/nomad/turtlebot3_ws/build/turtlebot3_gazebo -- -j2 -l2
[3.974s] [ 12%] [32mBuilding CXX object CMakeFiles/turtlebot3_drive.dir/src/turtlebot3_drive.cpp.o[0m
[3.976s] [ 25%] [32mBuilding CXX object CMakeFiles/obstacles.dir/src/obstacles.cpp.o[0m
[11.854s] [ 37%] [32m[1mLinking CXX shared library libobstacles.so[0m
[12.737s] [ 37%] Built target obstacles
[12.795s] [ 50%] [32mBuilding CXX object CMakeFiles/obstacle1.dir/src/obstacle1.cpp.o[0m
[17.300s] [ 62%] [32m[1mLinking CXX shared library libobstacle1.so[0m
[17.718s] [ 62%] Built target obstacle1
[23.580s] [ 75%] [32m[1mLinking CXX executable turtlebot3_drive[0m
[23.985s] [ 75%] Built target turtlebot3_drive
[24.002s] [ 87%] [32mBuilding CXX object CMakeFiles/obstacle2.dir/src/obstacle2.cpp.o[0m
[25.945s] [100%] [32m[1mLinking CXX shared library libobstacle2.so[0m
[26.082s] [100%] Built target obstacle2
[26.106s] Invoked command in '/home/nomad/turtlebot3_ws/build/turtlebot3_gazebo' returned '0': CMAKE_PREFIX_PATH=${CMAKE_PREFIX_PATH}:/home/nomad/turtlebot3_ws/install/turtlebot3_teleop:/home/nomad/turtlebot3_ws/install/turtlebot3_example:/opt/ros/jazzy DEBUGINFOD_URLS=https://debuginfod.ubuntu.com /usr/bin/cmake --build /home/nomad/turtlebot3_ws/build/turtlebot3_gazebo -- -j2 -l2
[26.106s] Invoking command in '/home/nomad/turtlebot3_ws/build/turtlebot3_gazebo': CMAKE_PREFIX_PATH=${CMAKE_PREFIX_PATH}:/home/nomad/turtlebot3_ws/install/turtlebot3_teleop:/home/nomad/turtlebot3_ws/install/turtlebot3_example:/opt/ros/jazzy DEBUGINFOD_URLS=https://debuginfod.ubuntu.com /usr/bin/cmake --install /home/nomad/turtlebot3_ws/build/turtlebot3_gazebo
[26.117s] -- Install configuration: ""
[26.118s] -- Execute custom install script
[26.139s] -- Symlinking: /home/nomad/turtlebot3_ws/install/turtlebot3_gazebo/lib/turtlebot3_gazebo/turtlebot3_drive
[26.140s] -- Symlinking: /home/nomad/turtlebot3_ws/install/turtlebot3_gazebo/lib/turtlebot3_gazebo/libobstacles.so
[26.140s] -- Symlinking: /home/nomad/turtlebot3_ws/install/turtlebot3_gazebo/lib/turtlebot3_gazebo/libobstacle1.so
[26.149s] -- Symlinking: /home/nomad/turtlebot3_ws/install/turtlebot3_gazebo/lib/turtlebot3_gazebo/libobstacle2.so
[26.163s] -- Symlinking: /home/nomad/turtlebot3_ws/install/turtlebot3_gazebo/share/turtlebot3_gazebo//launch/empty_world.launch.py
[26.176s] -- Symlinking: /home/nomad/turtlebot3_ws/install/turtlebot3_gazebo/share/turtlebot3_gazebo//launch/robot_state_publisher.launch.py
[26.200s] -- Symlinking: /home/nomad/turtlebot3_ws/install/turtlebot3_gazebo/share/turtlebot3_gazebo//launch/spawn_turtlebot3.launch.py
[26.206s] -- Symlinking: /home/nomad/turtlebot3_ws/install/turtlebot3_gazebo/share/turtlebot3_gazebo//launch/turtlebot3_dqn_stage1.launch.py
[26.215s] -- Symlinking: /home/nomad/turtlebot3_ws/install/turtlebot3_gazebo/share/turtlebot3_gazebo//launch/turtlebot3_dqn_stage2.launch.py
[26.229s] -- Symlinking: /home/nomad/turtlebot3_ws/install/turtlebot3_gazebo/share/turtlebot3_gazebo//launch/turtlebot3_dqn_stage3.launch.py
[26.236s] -- Symlinking: /home/nomad/turtlebot3_ws/install/turtlebot3_gazebo/share/turtlebot3_gazebo//launch/turtlebot3_dqn_stage4.launch.py
[26.249s] -- Symlinking: /home/nomad/turtlebot3_ws/install/turtlebot3_gazebo/share/turtlebot3_gazebo//launch/turtlebot3_house.launch.py
[26.260s] -- Symlinking: /home/nomad/turtlebot3_ws/install/turtlebot3_gazebo/share/turtlebot3_gazebo//launch/turtlebot3_world.launch.py
[26.273s] -- Symlinking: /home/nomad/turtlebot3_ws/install/turtlebot3_gazebo/share/turtlebot3_gazebo//models/turtlebot3_burger/model-1_4.sdf
[26.280s] -- Symlinking: /home/nomad/turtlebot3_ws/install/turtlebot3_gazebo/share/turtlebot3_gazebo//models/turtlebot3_burger/model.config
[26.294s] -- Symlinking: /home/nomad/turtlebot3_ws/install/turtlebot3_gazebo/share/turtlebot3_gazebo//models/turtlebot3_burger/model.sdf
[26.298s] -- Symlinking: /home/nomad/turtlebot3_ws/install/turtlebot3_gazebo/share/turtlebot3_gazebo//models/turtlebot3_burger_cam/model-1_4.sdf
[26.304s] -- Symlinking: /home/nomad/turtlebot3_ws/install/turtlebot3_gazebo/share/turtlebot3_gazebo//models/turtlebot3_burger_cam/model.config
[26.319s] -- Symlinking: /home/nomad/turtlebot3_ws/install/turtlebot3_gazebo/share/turtlebot3_gazebo//models/turtlebot3_burger_cam/model.sdf
[26.328s] -- Symlinking: /home/nomad/turtlebot3_ws/install/turtlebot3_gazebo/share/turtlebot3_gazebo//models/turtlebot3_common/meshes/bases/burger_base.stl
[26.334s] -- Symlinking: /home/nomad/turtlebot3_ws/install/turtlebot3_gazebo/share/turtlebot3_gazebo//models/turtlebot3_common/meshes/bases/waffle_base.stl
[26.340s] -- Symlinking: /home/nomad/turtlebot3_ws/install/turtlebot3_gazebo/share/turtlebot3_gazebo//models/turtlebot3_common/meshes/bases/waffle_pi_base.stl
[26.357s] -- Symlinking: /home/nomad/turtlebot3_ws/install/turtlebot3_gazebo/share/turtlebot3_gazebo//models/turtlebot3_common/meshes/burger_base.dae
[26.368s] -- Symlinking: /home/nomad/turtlebot3_ws/install/turtlebot3_gazebo/share/turtlebot3_gazebo//models/turtlebot3_common/meshes/lds.dae
[26.378s] -- Symlinking: /home/nomad/turtlebot3_ws/install/turtlebot3_gazebo/share/turtlebot3_gazebo//models/turtlebot3_common/meshes/r200.dae
[26.388s] -- Symlinking: /home/nomad/turtlebot3_ws/install/turtlebot3_gazebo/share/turtlebot3_gazebo//models/turtlebot3_common/meshes/sensors/astra.dae
[26.404s] -- Symlinking: /home/nomad/turtlebot3_ws/install/turtlebot3_gazebo/share/turtlebot3_gazebo//models/turtlebot3_common/meshes/sensors/astra.jpg
[26.411s] -- Symlinking: /home/nomad/turtlebot3_ws/install/turtlebot3_gazebo/share/turtlebot3_gazebo//models/turtlebot3_common/meshes/sensors/lds.stl
[26.427s] -- Symlinking: /home/nomad/turtlebot3_ws/install/turtlebot3_gazebo/share/turtlebot3_gazebo//models/turtlebot3_common/meshes/sensors/r200.dae
[26.432s] -- Symlinking: /home/nomad/turtlebot3_ws/install/turtlebot3_gazebo/share/turtlebot3_gazebo//models/turtlebot3_common/meshes/sensors/r200.jpg
[26.440s] -- Symlinking: /home/nomad/turtlebot3_ws/install/turtlebot3_gazebo/share/turtlebot3_gazebo//models/turtlebot3_common/meshes/tire.dae
[26.446s] -- Symlinking: /home/nomad/turtlebot3_ws/install/turtlebot3_gazebo/share/turtlebot3_gazebo//models/turtlebot3_common/meshes/waffle_base.dae
[26.463s] -- Symlinking: /home/nomad/turtlebot3_ws/install/turtlebot3_gazebo/share/turtlebot3_gazebo//models/turtlebot3_common/meshes/waffle_pi_base.dae
[26.470s] -- Symlinking: /home/nomad/turtlebot3_ws/install/turtlebot3_gazebo/share/turtlebot3_gazebo//models/turtlebot3_common/meshes/wheels/left_tire.stl
[26.478s] -- Symlinking: /home/nomad/turtlebot3_ws/install/turtlebot3_gazebo/share/turtlebot3_gazebo//models/turtlebot3_common/meshes/wheels/right_tire.stl
[26.483s] -- Symlinking: /home/nomad/turtlebot3_ws/install/turtlebot3_gazebo/share/turtlebot3_gazebo//models/turtlebot3_common/model.config
[26.492s] -- Symlinking: /home/nomad/turtlebot3_ws/install/turtlebot3_gazebo/share/turtlebot3_gazebo//models/turtlebot3_dqn_world/goal_box/model.config
[26.498s] -- Symlinking: /home/nomad/turtlebot3_ws/install/turtlebot3_gazebo/share/turtlebot3_gazebo//models/turtlebot3_dqn_world/goal_box/model.sdf
[26.508s] -- Symlinking: /home/nomad/turtlebot3_ws/install/turtlebot3_gazebo/share/turtlebot3_gazebo//models/turtlebot3_dqn_world/inner_walls/model.config
[26.517s] -- Symlinking: /home/nomad/turtlebot3_ws/install/turtlebot3_gazebo/share/turtlebot3_gazebo//models/turtlebot3_dqn_world/inner_walls/model.sdf
[26.530s] -- Symlinking: /home/nomad/turtlebot3_ws/install/turtlebot3_gazebo/share/turtlebot3_gazebo//models/turtlebot3_dqn_world/inner_walls/textures/wood.png
[26.538s] -- Symlinking: /home/nomad/turtlebot3_ws/install/turtlebot3_gazebo/share/turtlebot3_gazebo//models/turtlebot3_dqn_world/model.config
[26.545s] -- Symlinking: /home/nomad/turtlebot3_ws/install/turtlebot3_gazebo/share/turtlebot3_gazebo//models/turtlebot3_dqn_world/model.sdf
[26.559s] -- Symlinking: /home/nomad/turtlebot3_ws/install/turtlebot3_gazebo/share/turtlebot3_gazebo//models/turtlebot3_dqn_world/obstacle1/model.config
[26.569s] -- Symlinking: /home/nomad/turtlebot3_ws/install/turtlebot3_gazebo/share/turtlebot3_gazebo//models/turtlebot3_dqn_world/obstacle1/model.sdf
[26.577s] -- Symlinking: /home/nomad/turtlebot3_ws/install/turtlebot3_gazebo/share/turtlebot3_gazebo//models/turtlebot3_dqn_world/obstacle2/model.config
[26.586s] -- Symlinking: /home/nomad/turtlebot3_ws/install/turtlebot3_gazebo/share/turtlebot3_gazebo//models/turtlebot3_dqn_world/obstacle2/model.sdf
[26.592s] -- Symlinking: /home/nomad/turtlebot3_ws/install/turtlebot3_gazebo/share/turtlebot3_gazebo//models/turtlebot3_dqn_world/obstacles/model.config
[26.601s] -- Symlinking: /home/nomad/turtlebot3_ws/install/turtlebot3_gazebo/share/turtlebot3_gazebo//models/turtlebot3_dqn_world/obstacles/model.sdf
[26.605s] -- Symlinking: /home/nomad/turtlebot3_ws/install/turtlebot3_gazebo/share/turtlebot3_gazebo//models/turtlebot3_dqn_world/textures/wood.png
[26.622s] -- Symlinking: /home/nomad/turtlebot3_ws/install/turtlebot3_gazebo/share/turtlebot3_gazebo//models/turtlebot3_house/cafe_table/materials/textures/Maple.jpg
[26.633s] -- Symlinking: /home/nomad/turtlebot3_ws/install/turtlebot3_gazebo/share/turtlebot3_gazebo//models/turtlebot3_house/cafe_table/materials/textures/Wood_Floor_Dark.jpg
[26.637s] -- Symlinking: /home/nomad/turtlebot3_ws/install/turtlebot3_gazebo/share/turtlebot3_gazebo//models/turtlebot3_house/cafe_table/meshes/cafe_table.dae
[26.647s] -- Symlinking: /home/nomad/turtlebot3_ws/install/turtlebot3_gazebo/share/turtlebot3_gazebo//models/turtlebot3_house/cafe_table/model-1_4.sdf
[26.652s] -- Symlinking: /home/nomad/turtlebot3_ws/install/turtlebot3_gazebo/share/turtlebot3_gazebo//models/turtlebot3_house/cafe_table/model.config
[26.657s] -- Symlinking: /home/nomad/turtlebot3_ws/install/turtlebot3_gazebo/share/turtlebot3_gazebo//models/turtlebot3_house/cafe_table/model.sdf
[26.665s] -- Symlinking: /home/nomad/turtlebot3_ws/install/turtlebot3_gazebo/share/turtlebot3_gazebo//models/turtlebot3_house/first_2015_trash_can/meshes/trash_can.dae
[26.670s] -- Symlinking: /home/nomad/turtlebot3_ws/install/turtlebot3_gazebo/share/turtlebot3_gazebo//models/turtlebot3_house/first_2015_trash_can/model.config
[26.686s] -- Symlinking: /home/nomad/turtlebot3_ws/install/turtlebot3_gazebo/share/turtlebot3_gazebo//models/turtlebot3_house/first_2015_trash_can/model.sdf
[26.697s] -- Symlinking: /home/nomad/turtlebot3_ws/install/turtlebot3_gazebo/share/turtlebot3_gazebo//models/turtlebot3_house/mailbox/materials/scripts/mailbox.material
[26.701s] -- Symlinking: /home/nomad/turtlebot3_ws/install/turtlebot3_gazebo/share/turtlebot3_gazebo//models/turtlebot3_house/mailbox/materials/textures/Mailbox_Diffuse.png
[26.716s] -- Symlinking: /home/nomad/turtlebot3_ws/install/turtlebot3_gazebo/share/turtlebot3_gazebo//models/turtlebot3_house/mailbox/materials/textures/Mailbox_Diffuse.tga.orig
[26.724s] -- Symlinking: /home/nomad/turtlebot3_ws/install/turtlebot3_gazebo/share/turtlebot3_gazebo//models/turtlebot3_house/mailbox/materials/textures/Mailbox_Spec.png
[26.737s] -- Symlinking: /home/nomad/turtlebot3_ws/install/turtlebot3_gazebo/share/turtlebot3_gazebo//models/turtlebot3_house/mailbox/meshes/mailbox.dae
[26.742s] -- Symlinking: /home/nomad/turtlebot3_ws/install/turtlebot3_gazebo/share/turtlebot3_gazebo//models/turtlebot3_house/mailbox/model-1_3.sdf
[26.749s] -- Symlinking: /home/nomad/turtlebot3_ws/install/turtlebot3_gazebo/share/turtlebot3_gazebo//models/turtlebot3_house/mailbox/model-1_4.sdf
[26.757s] -- Symlinking: /home/nomad/turtlebot3_ws/install/turtlebot3_gazebo/share/turtlebot3_gazebo//models/turtlebot3_house/mailbox/model.config
[26.774s] -- Symlinking: /home/nomad/turtlebot3_ws/install/turtlebot3_gazebo/share/turtlebot3_gazebo//models/turtlebot3_house/mailbox/model.sdf
[26.781s] -- Symlinking: /home/nomad/turtlebot3_ws/install/turtlebot3_gazebo/share/turtlebot3_gazebo//models/turtlebot3_house/model.config
[26.793s] -- Symlinking: /home/nomad/turtlebot3_ws/install/turtlebot3_gazebo/share/turtlebot3_gazebo//models/turtlebot3_house/model.sdf
[26.801s] -- Symlinking: /home/nomad/turtlebot3_ws/install/turtlebot3_gazebo/share/turtlebot3_gazebo//models/turtlebot3_house/table_marble/materials/scripts/table_lightmap.material
[26.807s] -- Symlinking: /home/nomad/turtlebot3_ws/install/turtlebot3_gazebo/share/turtlebot3_gazebo//models/turtlebot3_house/table_marble/materials/textures/marble.png
[26.830s] -- Symlinking: /home/nomad/turtlebot3_ws/install/turtlebot3_gazebo/share/turtlebot3_gazebo//models/turtlebot3_house/table_marble/materials/textures/table_lightmap.png
[26.836s] -- Symlinking: /home/nomad/turtlebot3_ws/install/turtlebot3_gazebo/share/turtlebot3_gazebo//models/turtlebot3_house/table_marble/meshes/table_lightmap.dae
[26.849s] -- Symlinking: /home/nomad/turtlebot3_ws/install/turtlebot3_gazebo/share/turtlebot3_gazebo//models/turtlebot3_house/table_marble/model-1_4.sdf
[26.860s] -- Symlinking: /home/nomad/turtlebot3_ws/install/turtlebot3_gazebo/share/turtlebot3_gazebo//models/turtlebot3_house/table_marble/model.config
[26.867s] -- Symlinking: /home/nomad/turtlebot3_ws/install/turtlebot3_gazebo/share/turtlebot3_gazebo//models/turtlebot3_house/table_marble/model.sdf
[26.876s] -- Symlinking: /home/nomad/turtlebot3_ws/install/turtlebot3_gazebo/share/turtlebot3_gazebo//models/turtlebot3_house/textures/bricks.png
[26.882s] -- Symlinking: /home/nomad/turtlebot3_ws/install/turtlebot3_gazebo/share/turtlebot3_gazebo//models/turtlebot3_house/textures/wood.png
[26.890s] -- Symlinking: /home/nomad/turtlebot3_ws/install/turtlebot3_gazebo/share/turtlebot3_gazebo//models/turtlebot3_waffle/model-1_4.sdf
[26.896s] -- Symlinking: /home/nomad/turtlebot3_ws/install/turtlebot3_gazebo/share/turtlebot3_gazebo//models/turtlebot3_waffle/model.config
[26.904s] -- Symlinking: /home/nomad/turtlebot3_ws/install/turtlebot3_gazebo/share/turtlebot3_gazebo//models/turtlebot3_waffle/model.sdf
[26.918s] -- Symlinking: /home/nomad/turtlebot3_ws/install/turtlebot3_gazebo/share/turtlebot3_gazebo//models/turtlebot3_waffle_pi/model-1_4_.sdf
[26.927s] -- Symlinking: /home/nomad/turtlebot3_ws/install/turtlebot3_gazebo/share/turtlebot3_gazebo//models/turtlebot3_waffle_pi/model.config
[26.932s] -- Symlinking: /home/nomad/turtlebot3_ws/install/turtlebot3_gazebo/share/turtlebot3_gazebo//models/turtlebot3_waffle_pi/model.sdf
[26.943s] -- Symlinking: /home/nomad/turtlebot3_ws/install/turtlebot3_gazebo/share/turtlebot3_gazebo//models/turtlebot3_world/meshes/hexagon.dae
[26.951s] -- Symlinking: /home/nomad/turtlebot3_ws/install/turtlebot3_gazebo/share/turtlebot3_gazebo//models/turtlebot3_world/meshes/wall.dae
[26.958s] -- Symlinking: /home/nomad/turtlebot3_ws/install/turtlebot3_gazebo/share/turtlebot3_gazebo//models/turtlebot3_world/model-1_4.sdf
[26.969s] -- Symlinking: /home/nomad/turtlebot3_ws/install/turtlebot3_gazebo/share/turtlebot3_gazebo//models/turtlebot3_world/model.config
[26.977s] -- Symlinking: /home/nomad/turtlebot3_ws/install/turtlebot3_gazebo/share/turtlebot3_gazebo//models/turtlebot3_world/model.sdf
[26.985s] -- Symlinking: /home/nomad/turtlebot3_ws/install/turtlebot3_gazebo/share/turtlebot3_gazebo//params/turtlebot3_burger_bridge.yaml
[26.992s] -- Symlinking: /home/nomad/turtlebot3_ws/install/turtlebot3_gazebo/share/turtlebot3_gazebo//params/turtlebot3_burger_cam_bridge.yaml
[26.998s] -- Symlinking: /home/nomad/turtlebot3_ws/install/turtlebot3_gazebo/share/turtlebot3_gazebo//params/turtlebot3_waffle_bridge.yaml
[27.003s] -- Symlinking: /home/nomad/turtlebot3_ws/install/turtlebot3_gazebo/share/turtlebot3_gazebo//params/turtlebot3_waffle_pi_bridge.yaml
[27.009s] -- Symlinking: /home/nomad/turtlebot3_ws/install/turtlebot3_gazebo/share/turtlebot3_gazebo//rviz/tb3_gazebo.rviz
[27.021s] -- Symlinking: /home/nomad/turtlebot3_ws/install/turtlebot3_gazebo/share/turtlebot3_gazebo//urdf/common_properties.urdf
[27.043s] -- Symlinking: /home/nomad/turtlebot3_ws/install/turtlebot3_gazebo/share/turtlebot3_gazebo//urdf/turtlebot3_burger.urdf
[27.051s] -- Symlinking: /home/nomad/turtlebot3_ws/install/turtlebot3_gazebo/share/turtlebot3_gazebo//urdf/turtlebot3_burger_cam.urdf
[27.057s] -- Symlinking: /home/nomad/turtlebot3_ws/install/turtlebot3_gazebo/share/turtlebot3_gazebo//urdf/turtlebot3_waffle.urdf
[27.066s] -- Symlinking: /home/nomad/turtlebot3_ws/install/turtlebot3_gazebo/share/turtlebot3_gazebo//urdf/turtlebot3_waffle_pi.urdf
[27.077s] -- Symlinking: /home/nomad/turtlebot3_ws/install/turtlebot3_gazebo/share/turtlebot3_gazebo//worlds/empty_world.world
[27.087s] -- Symlinking: /home/nomad/turtlebot3_ws/install/turtlebot3_gazebo/share/turtlebot3_gazebo//worlds/turtlebot3_autorace_2020.world
[27.099s] -- Symlinking: /home/nomad/turtlebot3_ws/install/turtlebot3_gazebo/share/turtlebot3_gazebo//worlds/turtlebot3_dqn_stage1.world
[27.109s] -- Symlinking: /home/nomad/turtlebot3_ws/install/turtlebot3_gazebo/share/turtlebot3_gazebo//worlds/turtlebot3_dqn_stage2.world
[27.119s] -- Symlinking: /home/nomad/turtlebot3_ws/install/turtlebot3_gazebo/share/turtlebot3_gazebo//worlds/turtlebot3_dqn_stage3.world
[27.134s] -- Symlinking: /home/nomad/turtlebot3_ws/install/turtlebot3_gazebo/share/turtlebot3_gazebo//worlds/turtlebot3_dqn_stage4.world
[27.145s] -- Symlinking: /home/nomad/turtlebot3_ws/install/turtlebot3_gazebo/share/turtlebot3_gazebo//worlds/turtlebot3_house.world
[27.151s] -- Symlinking: /home/nomad/turtlebot3_ws/install/turtlebot3_gazebo/share/turtlebot3_gazebo//worlds/turtlebot3_world.world
[27.161s] -- Symlinking: /home/nomad/turtlebot3_ws/install/turtlebot3_gazebo/include//turtlebot3_gazebo/obstacle1.hpp
[27.167s] -- Symlinking: /home/nomad/turtlebot3_ws/install/turtlebot3_gazebo/include//turtlebot3_gazebo/obstacle2.hpp
[27.177s] -- Symlinking: /home/nomad/turtlebot3_ws/install/turtlebot3_gazebo/include//turtlebot3_gazebo/obstacles.hpp
[27.185s] -- Symlinking: /home/nomad/turtlebot3_ws/install/turtlebot3_gazebo/include//turtlebot3_gazebo/traffic_bar_plugin.hpp
[27.192s] -- Symlinking: /home/nomad/turtlebot3_ws/install/turtlebot3_gazebo/include//turtlebot3_gazebo/traffic_light_plugin.hpp
[27.198s] -- Symlinking: /home/nomad/turtlebot3_ws/install/turtlebot3_gazebo/include//turtlebot3_gazebo/turtlebot3_drive.hpp
[27.211s] -- Symlinking: /home/nomad/turtlebot3_ws/install/turtlebot3_gazebo/share/ament_index/resource_index/package_run_dependencies/turtlebot3_gazebo
[27.223s] -- Symlinking: /home/nomad/turtlebot3_ws/install/turtlebot3_gazebo/share/ament_index/resource_index/parent_prefix_path/turtlebot3_gazebo
[27.235s] -- Symlinking: /home/nomad/turtlebot3_ws/install/turtlebot3_gazebo/share/turtlebot3_gazebo/environment/ament_prefix_path.sh
[27.242s] -- Symlinking: /home/nomad/turtlebot3_ws/install/turtlebot3_gazebo/share/turtlebot3_gazebo/environment/ament_prefix_path.dsv
[27.254s] -- Symlinking: /home/nomad/turtlebot3_ws/install/turtlebot3_gazebo/share/turtlebot3_gazebo/environment/path.sh
[27.258s] -- Symlinking: /home/nomad/turtlebot3_ws/install/turtlebot3_gazebo/share/turtlebot3_gazebo/environment/path.dsv
[27.270s] -- Symlinking: /home/nomad/turtlebot3_ws/install/turtlebot3_gazebo/share/turtlebot3_gazebo/local_setup.bash
[27.277s] -- Symlinking: /home/nomad/turtlebot3_ws/install/turtlebot3_gazebo/share/turtlebot3_gazebo/local_setup.sh
[27.282s] -- Symlinking: /home/nomad/turtlebot3_ws/install/turtlebot3_gazebo/share/turtlebot3_gazebo/local_setup.zsh
[27.288s] -- Symlinking: /home/nomad/turtlebot3_ws/install/turtlebot3_gazebo/share/turtlebot3_gazebo/local_setup.dsv
[27.303s] -- Symlinking: /home/nomad/turtlebot3_ws/install/turtlebot3_gazebo/share/turtlebot3_gazebo/package.dsv
[27.315s] -- Symlinking: /home/nomad/turtlebot3_ws/install/turtlebot3_gazebo/share/ament_index/resource_index/packages/turtlebot3_gazebo
[27.332s] -- Symlinking: /home/nomad/turtlebot3_ws/install/turtlebot3_gazebo/share/turtlebot3_gazebo/cmake/ament_cmake_export_include_directories-extras.cmake
[27.339s] -- Symlinking: /home/nomad/turtlebot3_ws/install/turtlebot3_gazebo/share/turtlebot3_gazebo/cmake/ament_cmake_export_dependencies-extras.cmake
[27.347s] -- Symlinking: /home/nomad/turtlebot3_ws/install/turtlebot3_gazebo/share/turtlebot3_gazebo/cmake/turtlebot3_gazeboConfig.cmake
[27.352s] -- Symlinking: /home/nomad/turtlebot3_ws/install/turtlebot3_gazebo/share/turtlebot3_gazebo/cmake/turtlebot3_gazeboConfig-version.cmake
[27.362s] -- Symlinking: /home/nomad/turtlebot3_ws/install/turtlebot3_gazebo/share/turtlebot3_gazebo/package.xml
[27.374s] Invoked command in '/home/nomad/turtlebot3_ws/build/turtlebot3_gazebo' returned '0': CMAKE_PREFIX_PATH=${CMAKE_PREFIX_PATH}:/home/nomad/turtlebot3_ws/install/turtlebot3_teleop:/home/nomad/turtlebot3_ws/install/turtlebot3_example:/opt/ros/jazzy DEBUGINFOD_URLS=https://debuginfod.ubuntu.com /usr/bin/cmake --install /home/nomad/turtlebot3_ws/build/turtlebot3_gazebo
