[0.837s] Invoking command in '/home/nomad/turtlebot3_ws/build/turtlebot3_example': DEBUGINFOD_URLS=https://debuginfod.ubuntu.com PYTHONPATH=/home/nomad/turtlebot3_ws/build/turtlebot3_example/prefix_override:/usr/lib/python3/dist-packages/colcon_core/task/python/colcon_distutils_commands:/home/nomad/turtlebot3_ws/install/turtlebot3_example/lib/python3.12/site-packages:${PYTHONPATH} /usr/bin/python3 -W ignore:setup.py install is deprecated -W ignore:easy_install command is deprecated setup.py develop --editable --build-directory /home/nomad/turtlebot3_ws/build/turtlebot3_example/build --no-deps symlink_data
[1.246s] running develop
[1.459s] running egg_info
[1.482s] writing turtlebot3_example.egg-info/PKG-INFO
[1.482s] writing dependency_links to turtlebot3_example.egg-info/dependency_links.txt
[1.483s] writing entry points to turtlebot3_example.egg-info/entry_points.txt
[1.484s] writing requirements to turtlebot3_example.egg-info/requires.txt
[1.484s] writing top-level names to turtlebot3_example.egg-info/top_level.txt
[1.524s] reading manifest file 'turtlebot3_example.egg-info/SOURCES.txt'
[1.526s] writing manifest file 'turtlebot3_example.egg-info/SOURCES.txt'
[1.543s] running build_ext
[1.544s] Creating /home/nomad/turtlebot3_ws/install/turtlebot3_example/lib/python3.12/site-packages/turtlebot3-example.egg-link (link to .)
[1.545s] Installing turtlebot3_absolute_move script to /home/nomad/turtlebot3_ws/install/turtlebot3_example/lib/turtlebot3_example
[1.545s] Installing turtlebot3_interactive_marker script to /home/nomad/turtlebot3_ws/install/turtlebot3_example/lib/turtlebot3_example
[1.545s] Installing turtlebot3_obstacle_detection script to /home/nomad/turtlebot3_ws/install/turtlebot3_example/lib/turtlebot3_example
[1.553s] Installing turtlebot3_patrol_client script to /home/nomad/turtlebot3_ws/install/turtlebot3_example/lib/turtlebot3_example
[1.553s] Installing turtlebot3_patrol_server script to /home/nomad/turtlebot3_ws/install/turtlebot3_example/lib/turtlebot3_example
[1.553s] Installing turtlebot3_relative_move script to /home/nomad/turtlebot3_ws/install/turtlebot3_example/lib/turtlebot3_example
[1.553s] 
[1.553s] Installed /home/nomad/turtlebot3_ws/build/turtlebot3_example
[1.553s] running symlink_data
[1.595s] Invoked command in '/home/nomad/turtlebot3_ws/build/turtlebot3_example' returned '0': DEBUGINFOD_URLS=https://debuginfod.ubuntu.com PYTHONPATH=/home/nomad/turtlebot3_ws/build/turtlebot3_example/prefix_override:/usr/lib/python3/dist-packages/colcon_core/task/python/colcon_distutils_commands:/home/nomad/turtlebot3_ws/install/turtlebot3_example/lib/python3.12/site-packages:${PYTHONPATH} /usr/bin/python3 -W ignore:setup.py install is deprecated -W ignore:easy_install command is deprecated setup.py develop --editable --build-directory /home/nomad/turtlebot3_ws/build/turtlebot3_example/build --no-deps symlink_data
