[0.861s] Invoking command in '/home/nomad/turtlebot3_ws/build/turtlebot3_example': DEBUGINFOD_URLS=https://debuginfod.ubuntu.com PYTHONPATH=/home/nomad/turtlebot3_ws/build/turtlebot3_example/prefix_override:/usr/lib/python3/dist-packages/colcon_core/task/python/colcon_distutils_commands:/home/nomad/turtlebot3_ws/install/turtlebot3_example/lib/python3.12/site-packages:${PYTHONPATH} /usr/bin/python3 -W ignore:setup.py install is deprecated -W ignore:easy_install command is deprecated setup.py develop --editable --build-directory /home/nomad/turtlebot3_ws/build/turtlebot3_example/build --no-deps symlink_data
[1.140s] running develop
[1.379s] running egg_info
[1.379s] creating turtlebot3_example.egg-info
[1.403s] writing turtlebot3_example.egg-info/PKG-INFO
[1.403s] writing dependency_links to turtlebot3_example.egg-info/dependency_links.txt
[1.403s] writing entry points to turtlebot3_example.egg-info/entry_points.txt
[1.404s] writing requirements to turtlebot3_example.egg-info/requires.txt
[1.404s] writing top-level names to turtlebot3_example.egg-info/top_level.txt
[1.404s] writing manifest file 'turtlebot3_example.egg-info/SOURCES.txt'
[1.447s] reading manifest file 'turtlebot3_example.egg-info/SOURCES.txt'
[1.447s] writing manifest file 'turtlebot3_example.egg-info/SOURCES.txt'
[1.469s] running build_ext
[1.469s] Creating /home/nomad/turtlebot3_ws/install/turtlebot3_example/lib/python3.12/site-packages/turtlebot3-example.egg-link (link to .)
[1.469s] Installing turtlebot3_absolute_move script to /home/nomad/turtlebot3_ws/install/turtlebot3_example/lib/turtlebot3_example
[1.469s] Installing turtlebot3_interactive_marker script to /home/nomad/turtlebot3_ws/install/turtlebot3_example/lib/turtlebot3_example
[1.469s] Installing turtlebot3_obstacle_detection script to /home/nomad/turtlebot3_ws/install/turtlebot3_example/lib/turtlebot3_example
[1.469s] Installing turtlebot3_patrol_client script to /home/nomad/turtlebot3_ws/install/turtlebot3_example/lib/turtlebot3_example
[1.469s] Installing turtlebot3_patrol_server script to /home/nomad/turtlebot3_ws/install/turtlebot3_example/lib/turtlebot3_example
[1.469s] Installing turtlebot3_relative_move script to /home/nomad/turtlebot3_ws/install/turtlebot3_example/lib/turtlebot3_example
[1.469s] 
[1.469s] Installed /home/nomad/turtlebot3_ws/build/turtlebot3_example
[1.469s] running symlink_data
[1.469s] creating /home/nomad/turtlebot3_ws/install/turtlebot3_example/share/ament_index
[1.469s] creating /home/nomad/turtlebot3_ws/install/turtlebot3_example/share/ament_index/resource_index
[1.469s] creating /home/nomad/turtlebot3_ws/install/turtlebot3_example/share/ament_index/resource_index/packages
[1.470s] symbolically linking /home/nomad/turtlebot3_ws/build/turtlebot3_example/resource/turtlebot3_example -> /home/nomad/turtlebot3_ws/install/turtlebot3_example/share/ament_index/resource_index/packages
[1.470s] symbolically linking /home/nomad/turtlebot3_ws/build/turtlebot3_example/package.xml -> /home/nomad/turtlebot3_ws/install/turtlebot3_example/share/turtlebot3_example
[1.513s] Invoked command in '/home/nomad/turtlebot3_ws/build/turtlebot3_example' returned '0': DEBUGINFOD_URLS=https://debuginfod.ubuntu.com PYTHONPATH=/home/nomad/turtlebot3_ws/build/turtlebot3_example/prefix_override:/usr/lib/python3/dist-packages/colcon_core/task/python/colcon_distutils_commands:/home/nomad/turtlebot3_ws/install/turtlebot3_example/lib/python3.12/site-packages:${PYTHONPATH} /usr/bin/python3 -W ignore:setup.py install is deprecated -W ignore:easy_install command is deprecated setup.py develop --editable --build-directory /home/nomad/turtlebot3_ws/build/turtlebot3_example/build --no-deps symlink_data
