[0.013s] Invoking command in '/home/nomad/turtlebot3_ws/build/turtlebot3_cartographer': CMAKE_PREFIX_PATH=${CMAKE_PREFIX_PATH}:/home/nomad/turtlebot3_ws/install/turtlebot3_teleop:/home/nomad/turtlebot3_ws/install/turtlebot3_example:/opt/ros/jazzy DEBUGINFOD_URLS=https://debuginfod.ubuntu.com /usr/bin/cmake --build /home/nomad/turtlebot3_ws/build/turtlebot3_cartographer -- -j2 -l2
[0.072s] Invoked command in '/home/nomad/turtlebot3_ws/build/turtlebot3_cartographer' returned '0': CMAKE_PREFIX_PATH=${CMAKE_PREFIX_PATH}:/home/nomad/turtlebot3_ws/install/turtlebot3_teleop:/home/nomad/turtlebot3_ws/install/turtlebot3_example:/opt/ros/jazzy DEBUGINFOD_URLS=https://debuginfod.ubuntu.com /usr/bin/cmake --build /home/nomad/turtlebot3_ws/build/turtlebot3_cartographer -- -j2 -l2
[0.076s] Invoking command in '/home/nomad/turtlebot3_ws/build/turtlebot3_cartographer': CMAKE_PREFIX_PATH=${CMAKE_PREFIX_PATH}:/home/nomad/turtlebot3_ws/install/turtlebot3_teleop:/home/nomad/turtlebot3_ws/install/turtlebot3_example:/opt/ros/jazzy DEBUGINFOD_URLS=https://debuginfod.ubuntu.com /usr/bin/cmake --install /home/nomad/turtlebot3_ws/build/turtlebot3_cartographer
[0.086s] -- Install configuration: ""
[0.088s] -- Execute custom install script
[0.089s] -- Up-to-date symlink: /home/nomad/turtlebot3_ws/install/turtlebot3_cartographer/share/turtlebot3_cartographer/config/turtlebot3_lds_2d.lua
[0.090s] -- Up-to-date symlink: /home/nomad/turtlebot3_ws/install/turtlebot3_cartographer/share/turtlebot3_cartographer/launch/cartographer.launch.py
[0.090s] -- Up-to-date symlink: /home/nomad/turtlebot3_ws/install/turtlebot3_cartographer/share/turtlebot3_cartographer/launch/occupancy_grid.launch.py
[0.091s] -- Up-to-date symlink: /home/nomad/turtlebot3_ws/install/turtlebot3_cartographer/share/turtlebot3_cartographer/rviz/tb3_cartographer.rviz
[0.091s] -- Up-to-date symlink: /home/nomad/turtlebot3_ws/install/turtlebot3_cartographer/share/ament_index/resource_index/package_run_dependencies/turtlebot3_cartographer
[0.091s] -- Up-to-date symlink: /home/nomad/turtlebot3_ws/install/turtlebot3_cartographer/share/ament_index/resource_index/parent_prefix_path/turtlebot3_cartographer
[0.091s] -- Up-to-date symlink: /home/nomad/turtlebot3_ws/install/turtlebot3_cartographer/share/turtlebot3_cartographer/environment/ament_prefix_path.sh
[0.091s] -- Up-to-date symlink: /home/nomad/turtlebot3_ws/install/turtlebot3_cartographer/share/turtlebot3_cartographer/environment/ament_prefix_path.dsv
[0.093s] -- Up-to-date symlink: /home/nomad/turtlebot3_ws/install/turtlebot3_cartographer/share/turtlebot3_cartographer/environment/path.sh
[0.093s] -- Up-to-date symlink: /home/nomad/turtlebot3_ws/install/turtlebot3_cartographer/share/turtlebot3_cartographer/environment/path.dsv
[0.093s] -- Up-to-date symlink: /home/nomad/turtlebot3_ws/install/turtlebot3_cartographer/share/turtlebot3_cartographer/local_setup.bash
[0.094s] -- Up-to-date symlink: /home/nomad/turtlebot3_ws/install/turtlebot3_cartographer/share/turtlebot3_cartographer/local_setup.sh
[0.094s] -- Up-to-date symlink: /home/nomad/turtlebot3_ws/install/turtlebot3_cartographer/share/turtlebot3_cartographer/local_setup.zsh
[0.094s] -- Up-to-date symlink: /home/nomad/turtlebot3_ws/install/turtlebot3_cartographer/share/turtlebot3_cartographer/local_setup.dsv
[0.094s] -- Symlinking: /home/nomad/turtlebot3_ws/install/turtlebot3_cartographer/share/turtlebot3_cartographer/package.dsv
[0.105s] -- Up-to-date symlink: /home/nomad/turtlebot3_ws/install/turtlebot3_cartographer/share/ament_index/resource_index/packages/turtlebot3_cartographer
[0.105s] -- Up-to-date symlink: /home/nomad/turtlebot3_ws/install/turtlebot3_cartographer/share/turtlebot3_cartographer/cmake/turtlebot3_cartographerConfig.cmake
[0.105s] -- Up-to-date symlink: /home/nomad/turtlebot3_ws/install/turtlebot3_cartographer/share/turtlebot3_cartographer/cmake/turtlebot3_cartographerConfig-version.cmake
[0.106s] -- Up-to-date symlink: /home/nomad/turtlebot3_ws/install/turtlebot3_cartographer/share/turtlebot3_cartographer/package.xml
[0.297s] Invoked command in '/home/nomad/turtlebot3_ws/build/turtlebot3_cartographer' returned '0': CMAKE_PREFIX_PATH=${CMAKE_PREFIX_PATH}:/home/nomad/turtlebot3_ws/install/turtlebot3_teleop:/home/nomad/turtlebot3_ws/install/turtlebot3_example:/opt/ros/jazzy DEBUGINFOD_URLS=https://debuginfod.ubuntu.com /usr/bin/cmake --install /home/nomad/turtlebot3_ws/build/turtlebot3_cartographer
