-- Found ament_cmake: 2.5.4 (/opt/ros/jazzy/share/ament_cmake/cmake)
-- Override CMake install command with custom implementation using symlinks instead of copying resources
-- Found rclcpp: 28.1.12 (/opt/ros/jazzy/share/rclcpp/cmake)
-- Found rosidl_generator_c: 4.6.6 (/opt/ros/jazzy/share/rosidl_generator_c/cmake)
-- Found rosidl_generator_cpp: 4.6.6 (/opt/ros/jazzy/share/rosidl_generator_cpp/cmake)
-- Using all available rosidl_typesupport_c: rosidl_typesupport_fastrtps_c;rosidl_typesupport_introspection_c
-- Using all available rosidl_typesupport_cpp: rosidl_typesupport_fastrtps_cpp;rosidl_typesupport_introspection_cpp
-- Found rmw_implementation_cmake: 7.3.2 (/opt/ros/jazzy/share/rmw_implementation_cmake/cmake)
-- Found rmw_fastrtps_cpp: 8.4.3 (/opt/ros/jazzy/share/rmw_fastrtps_cpp/cmake)
-- Using RMW implementation 'rmw_fastrtps_cpp' as default
-- Found std_msgs: 5.3.6 (/opt/ros/jazzy/share/std_msgs/cmake)
-- Found geometry_msgs: 5.3.6 (/opt/ros/jazzy/share/geometry_msgs/cmake)
-- Found nav_msgs: 5.3.6 (/opt/ros/jazzy/share/nav_msgs/cmake)
-- Found sensor_msgs: 5.3.6 (/opt/ros/jazzy/share/sensor_msgs/cmake)
-- Configuring done (0.5s)
-- Generating done (0.0s)
-- Build files have been written to: /home/nomad/turtlebot3_ws/build/maze_navigation
-- Install configuration: ""
-- Execute custom install script
-- Up-to-date symlink: /home/nomad/turtlebot3_ws/install/maze_navigation/share/maze_navigation//launch/maze_world.launch.py
-- Up-to-date symlink: /home/nomad/turtlebot3_ws/install/maze_navigation/share/maze_navigation//launch/slam.launch.py
-- Up-to-date symlink: /home/nomad/turtlebot3_ws/install/maze_navigation/share/maze_navigation//worlds/maze.world
-- Up-to-date symlink: /home/nomad/turtlebot3_ws/install/maze_navigation/share/maze_navigation//config/mapper_params_online_async.yaml
-- Up-to-date symlink: /home/nomad/turtlebot3_ws/install/maze_navigation/share/maze_navigation//config/slam_params.yaml
-- Up-to-date symlink: /home/nomad/turtlebot3_ws/install/maze_navigation/share/ament_index/resource_index/package_run_dependencies/maze_navigation
-- Up-to-date symlink: /home/nomad/turtlebot3_ws/install/maze_navigation/share/ament_index/resource_index/parent_prefix_path/maze_navigation
-- Up-to-date symlink: /home/nomad/turtlebot3_ws/install/maze_navigation/share/maze_navigation/environment/ament_prefix_path.sh
-- Up-to-date symlink: /home/nomad/turtlebot3_ws/install/maze_navigation/share/maze_navigation/environment/ament_prefix_path.dsv
-- Up-to-date symlink: /home/nomad/turtlebot3_ws/install/maze_navigation/share/maze_navigation/environment/path.sh
-- Up-to-date symlink: /home/nomad/turtlebot3_ws/install/maze_navigation/share/maze_navigation/environment/path.dsv
-- Up-to-date symlink: /home/nomad/turtlebot3_ws/install/maze_navigation/share/maze_navigation/local_setup.bash
-- Up-to-date symlink: /home/nomad/turtlebot3_ws/install/maze_navigation/share/maze_navigation/local_setup.sh
-- Up-to-date symlink: /home/nomad/turtlebot3_ws/install/maze_navigation/share/maze_navigation/local_setup.zsh
-- Up-to-date symlink: /home/nomad/turtlebot3_ws/install/maze_navigation/share/maze_navigation/local_setup.dsv
-- Symlinking: /home/nomad/turtlebot3_ws/install/maze_navigation/share/maze_navigation/package.dsv
-- Up-to-date symlink: /home/nomad/turtlebot3_ws/install/maze_navigation/share/ament_index/resource_index/packages/maze_navigation
-- Up-to-date symlink: /home/nomad/turtlebot3_ws/install/maze_navigation/share/maze_navigation/cmake/maze_navigationConfig.cmake
-- Up-to-date symlink: /home/nomad/turtlebot3_ws/install/maze_navigation/share/maze_navigation/cmake/maze_navigationConfig-version.cmake
-- Up-to-date symlink: /home/nomad/turtlebot3_ws/install/maze_navigation/share/maze_navigation/package.xml
