[0.012s] Invoking command in '/home/nomad/turtlebot3_ws/build/maze_navigation': CMAKE_PREFIX_PATH=/home/nomad/turtlebot3_ws/install/turtlebot3_gazebo:/home/nomad/turtlebot3_ws/install/turtlebot3:/home/nomad/turtlebot3_ws/install/turtlebot3_simulations:/home/nomad/turtlebot3_ws/install/turtlebot3_bringup:/home/nomad/turtlebot3_ws/install/turtlebot3_node:/home/nomad/turtlebot3_ws/install/turtlebot3_navigation2:/home/nomad/turtlebot3_ws/install/maze_navigation:/home/nomad/turtlebot3_ws/install/turtlebot3_fake_node:/home/nomad/turtlebot3_ws/install/turtlebot3_description:/home/nomad/turtlebot3_ws/install/turtlebot3_cartographer:/opt/ros/jazzy/opt/gz_sim_vendor:/opt/ros/jazzy/opt/gz_sensors_vendor:/opt/ros/jazzy/opt/gz_physics_vendor:/opt/ros/jazzy/opt/sdformat_vendor:/opt/ros/jazzy/opt/gz_gui_vendor:/opt/ros/jazzy/opt/gz_transport_vendor:/opt/ros/jazzy/opt/gz_rendering_vendor:/opt/ros/jazzy/opt/gz_plugin_vendor:/opt/ros/jazzy/opt/gz_fuel_tools_vendor:/opt/ros/jazzy/opt/gz_msgs_vendor:/opt/ros/jazzy/opt/gz_common_vendor:/opt/ros/jazzy/opt/gz_math_vendor:/opt/ros/jazzy/opt/gz_utils_vendor:/opt/ros/jazzy/opt/gz_tools_vendor:/opt/ros/jazzy/opt/gz_ogre_next_vendor:/opt/ros/jazzy/opt/gz_dartsim_vendor:/opt/ros/jazzy/opt/gz_cmake_vendor:/home/nomad/turtlebot3_ws/install/turtlebot3_teleop:/home/nomad/turtlebot3_ws/install/turtlebot3_example:/opt/ros/jazzy DEBUGINFOD_URLS=https://debuginfod.ubuntu.com /usr/bin/cmake /home/nomad/turtlebot3_ws/src/maze_navigation -DCMAKE_INSTALL_PREFIX=/home/nomad/turtlebot3_ws/install/maze_navigation
[0.026s] -- Found ament_cmake: 2.5.4 (/opt/ros/jazzy/share/ament_cmake/cmake)
[0.205s] -- Override CMake install command with custom implementation using symlinks instead of copying resources
[0.213s] -- Found rclcpp: 28.1.12 (/opt/ros/jazzy/share/rclcpp/cmake)
[0.234s] -- Found rosidl_generator_c: 4.6.6 (/opt/ros/jazzy/share/rosidl_generator_c/cmake)
[0.240s] -- Found rosidl_generator_cpp: 4.6.6 (/opt/ros/jazzy/share/rosidl_generator_cpp/cmake)
[0.250s] -- Using all available rosidl_typesupport_c: rosidl_typesupport_fastrtps_c;rosidl_typesupport_introspection_c
[0.259s] -- Using all available rosidl_typesupport_cpp: rosidl_typesupport_fastrtps_cpp;rosidl_typesupport_introspection_cpp
[0.302s] -- Found rmw_implementation_cmake: 7.3.2 (/opt/ros/jazzy/share/rmw_implementation_cmake/cmake)
[0.304s] -- Found rmw_fastrtps_cpp: 8.4.3 (/opt/ros/jazzy/share/rmw_fastrtps_cpp/cmake)
[0.362s] -- Using RMW implementation 'rmw_fastrtps_cpp' as default
[0.406s] -- Found std_msgs: 5.3.6 (/opt/ros/jazzy/share/std_msgs/cmake)
[0.419s] -- Found geometry_msgs: 5.3.6 (/opt/ros/jazzy/share/geometry_msgs/cmake)
[0.433s] -- Found nav_msgs: 5.3.6 (/opt/ros/jazzy/share/nav_msgs/cmake)
[0.453s] -- Found sensor_msgs: 5.3.6 (/opt/ros/jazzy/share/sensor_msgs/cmake)
[0.551s] -- Configuring done (0.5s)
[0.558s] -- Generating done (0.0s)
[0.560s] -- Build files have been written to: /home/nomad/turtlebot3_ws/build/maze_navigation
[0.570s] Invoked command in '/home/nomad/turtlebot3_ws/build/maze_navigation' returned '0': CMAKE_PREFIX_PATH=/home/nomad/turtlebot3_ws/install/turtlebot3_gazebo:/home/nomad/turtlebot3_ws/install/turtlebot3:/home/nomad/turtlebot3_ws/install/turtlebot3_simulations:/home/nomad/turtlebot3_ws/install/turtlebot3_bringup:/home/nomad/turtlebot3_ws/install/turtlebot3_node:/home/nomad/turtlebot3_ws/install/turtlebot3_navigation2:/home/nomad/turtlebot3_ws/install/maze_navigation:/home/nomad/turtlebot3_ws/install/turtlebot3_fake_node:/home/nomad/turtlebot3_ws/install/turtlebot3_description:/home/nomad/turtlebot3_ws/install/turtlebot3_cartographer:/opt/ros/jazzy/opt/gz_sim_vendor:/opt/ros/jazzy/opt/gz_sensors_vendor:/opt/ros/jazzy/opt/gz_physics_vendor:/opt/ros/jazzy/opt/sdformat_vendor:/opt/ros/jazzy/opt/gz_gui_vendor:/opt/ros/jazzy/opt/gz_transport_vendor:/opt/ros/jazzy/opt/gz_rendering_vendor:/opt/ros/jazzy/opt/gz_plugin_vendor:/opt/ros/jazzy/opt/gz_fuel_tools_vendor:/opt/ros/jazzy/opt/gz_msgs_vendor:/opt/ros/jazzy/opt/gz_common_vendor:/opt/ros/jazzy/opt/gz_math_vendor:/opt/ros/jazzy/opt/gz_utils_vendor:/opt/ros/jazzy/opt/gz_tools_vendor:/opt/ros/jazzy/opt/gz_ogre_next_vendor:/opt/ros/jazzy/opt/gz_dartsim_vendor:/opt/ros/jazzy/opt/gz_cmake_vendor:/home/nomad/turtlebot3_ws/install/turtlebot3_teleop:/home/nomad/turtlebot3_ws/install/turtlebot3_example:/opt/ros/jazzy DEBUGINFOD_URLS=https://debuginfod.ubuntu.com /usr/bin/cmake /home/nomad/turtlebot3_ws/src/maze_navigation -DCMAKE_INSTALL_PREFIX=/home/nomad/turtlebot3_ws/install/maze_navigation
[0.571s] Invoking command in '/home/nomad/turtlebot3_ws/build/maze_navigation': CMAKE_PREFIX_PATH=/home/nomad/turtlebot3_ws/install/turtlebot3_gazebo:/home/nomad/turtlebot3_ws/install/turtlebot3:/home/nomad/turtlebot3_ws/install/turtlebot3_simulations:/home/nomad/turtlebot3_ws/install/turtlebot3_bringup:/home/nomad/turtlebot3_ws/install/turtlebot3_node:/home/nomad/turtlebot3_ws/install/turtlebot3_navigation2:/home/nomad/turtlebot3_ws/install/maze_navigation:/home/nomad/turtlebot3_ws/install/turtlebot3_fake_node:/home/nomad/turtlebot3_ws/install/turtlebot3_description:/home/nomad/turtlebot3_ws/install/turtlebot3_cartographer:/opt/ros/jazzy/opt/gz_sim_vendor:/opt/ros/jazzy/opt/gz_sensors_vendor:/opt/ros/jazzy/opt/gz_physics_vendor:/opt/ros/jazzy/opt/sdformat_vendor:/opt/ros/jazzy/opt/gz_gui_vendor:/opt/ros/jazzy/opt/gz_transport_vendor:/opt/ros/jazzy/opt/gz_rendering_vendor:/opt/ros/jazzy/opt/gz_plugin_vendor:/opt/ros/jazzy/opt/gz_fuel_tools_vendor:/opt/ros/jazzy/opt/gz_msgs_vendor:/opt/ros/jazzy/opt/gz_common_vendor:/opt/ros/jazzy/opt/gz_math_vendor:/opt/ros/jazzy/opt/gz_utils_vendor:/opt/ros/jazzy/opt/gz_tools_vendor:/opt/ros/jazzy/opt/gz_ogre_next_vendor:/opt/ros/jazzy/opt/gz_dartsim_vendor:/opt/ros/jazzy/opt/gz_cmake_vendor:/home/nomad/turtlebot3_ws/install/turtlebot3_teleop:/home/nomad/turtlebot3_ws/install/turtlebot3_example:/opt/ros/jazzy DEBUGINFOD_URLS=https://debuginfod.ubuntu.com /usr/bin/cmake --build /home/nomad/turtlebot3_ws/build/maze_navigation -- -j2 -l2
[0.609s] Invoked command in '/home/nomad/turtlebot3_ws/build/maze_navigation' returned '0': CMAKE_PREFIX_PATH=/home/nomad/turtlebot3_ws/install/turtlebot3_gazebo:/home/nomad/turtlebot3_ws/install/turtlebot3:/home/nomad/turtlebot3_ws/install/turtlebot3_simulations:/home/nomad/turtlebot3_ws/install/turtlebot3_bringup:/home/nomad/turtlebot3_ws/install/turtlebot3_node:/home/nomad/turtlebot3_ws/install/turtlebot3_navigation2:/home/nomad/turtlebot3_ws/install/maze_navigation:/home/nomad/turtlebot3_ws/install/turtlebot3_fake_node:/home/nomad/turtlebot3_ws/install/turtlebot3_description:/home/nomad/turtlebot3_ws/install/turtlebot3_cartographer:/opt/ros/jazzy/opt/gz_sim_vendor:/opt/ros/jazzy/opt/gz_sensors_vendor:/opt/ros/jazzy/opt/gz_physics_vendor:/opt/ros/jazzy/opt/sdformat_vendor:/opt/ros/jazzy/opt/gz_gui_vendor:/opt/ros/jazzy/opt/gz_transport_vendor:/opt/ros/jazzy/opt/gz_rendering_vendor:/opt/ros/jazzy/opt/gz_plugin_vendor:/opt/ros/jazzy/opt/gz_fuel_tools_vendor:/opt/ros/jazzy/opt/gz_msgs_vendor:/opt/ros/jazzy/opt/gz_common_vendor:/opt/ros/jazzy/opt/gz_math_vendor:/opt/ros/jazzy/opt/gz_utils_vendor:/opt/ros/jazzy/opt/gz_tools_vendor:/opt/ros/jazzy/opt/gz_ogre_next_vendor:/opt/ros/jazzy/opt/gz_dartsim_vendor:/opt/ros/jazzy/opt/gz_cmake_vendor:/home/nomad/turtlebot3_ws/install/turtlebot3_teleop:/home/nomad/turtlebot3_ws/install/turtlebot3_example:/opt/ros/jazzy DEBUGINFOD_URLS=https://debuginfod.ubuntu.com /usr/bin/cmake --build /home/nomad/turtlebot3_ws/build/maze_navigation -- -j2 -l2
[0.627s] Invoking command in '/home/nomad/turtlebot3_ws/build/maze_navigation': CMAKE_PREFIX_PATH=/home/nomad/turtlebot3_ws/install/turtlebot3_gazebo:/home/nomad/turtlebot3_ws/install/turtlebot3:/home/nomad/turtlebot3_ws/install/turtlebot3_simulations:/home/nomad/turtlebot3_ws/install/turtlebot3_bringup:/home/nomad/turtlebot3_ws/install/turtlebot3_node:/home/nomad/turtlebot3_ws/install/turtlebot3_navigation2:/home/nomad/turtlebot3_ws/install/maze_navigation:/home/nomad/turtlebot3_ws/install/turtlebot3_fake_node:/home/nomad/turtlebot3_ws/install/turtlebot3_description:/home/nomad/turtlebot3_ws/install/turtlebot3_cartographer:/opt/ros/jazzy/opt/gz_sim_vendor:/opt/ros/jazzy/opt/gz_sensors_vendor:/opt/ros/jazzy/opt/gz_physics_vendor:/opt/ros/jazzy/opt/sdformat_vendor:/opt/ros/jazzy/opt/gz_gui_vendor:/opt/ros/jazzy/opt/gz_transport_vendor:/opt/ros/jazzy/opt/gz_rendering_vendor:/opt/ros/jazzy/opt/gz_plugin_vendor:/opt/ros/jazzy/opt/gz_fuel_tools_vendor:/opt/ros/jazzy/opt/gz_msgs_vendor:/opt/ros/jazzy/opt/gz_common_vendor:/opt/ros/jazzy/opt/gz_math_vendor:/opt/ros/jazzy/opt/gz_utils_vendor:/opt/ros/jazzy/opt/gz_tools_vendor:/opt/ros/jazzy/opt/gz_ogre_next_vendor:/opt/ros/jazzy/opt/gz_dartsim_vendor:/opt/ros/jazzy/opt/gz_cmake_vendor:/home/nomad/turtlebot3_ws/install/turtlebot3_teleop:/home/nomad/turtlebot3_ws/install/turtlebot3_example:/opt/ros/jazzy DEBUGINFOD_URLS=https://debuginfod.ubuntu.com /usr/bin/cmake --install /home/nomad/turtlebot3_ws/build/maze_navigation
[0.635s] -- Install configuration: ""
[0.635s] -- Execute custom install script
[0.636s] -- Up-to-date symlink: /home/nomad/turtlebot3_ws/install/maze_navigation/share/maze_navigation//launch/maze_world.launch.py
[0.636s] -- Up-to-date symlink: /home/nomad/turtlebot3_ws/install/maze_navigation/share/maze_navigation//launch/slam.launch.py
[0.637s] -- Up-to-date symlink: /home/nomad/turtlebot3_ws/install/maze_navigation/share/maze_navigation//worlds/maze.world
[0.637s] -- Up-to-date symlink: /home/nomad/turtlebot3_ws/install/maze_navigation/share/maze_navigation//config/mapper_params_online_async.yaml
[0.637s] -- Up-to-date symlink: /home/nomad/turtlebot3_ws/install/maze_navigation/share/maze_navigation//config/slam_params.yaml
[0.637s] -- Up-to-date symlink: /home/nomad/turtlebot3_ws/install/maze_navigation/share/ament_index/resource_index/package_run_dependencies/maze_navigation
[0.638s] -- Up-to-date symlink: /home/nomad/turtlebot3_ws/install/maze_navigation/share/ament_index/resource_index/parent_prefix_path/maze_navigation
[0.638s] -- Up-to-date symlink: /home/nomad/turtlebot3_ws/install/maze_navigation/share/maze_navigation/environment/ament_prefix_path.sh
[0.638s] -- Up-to-date symlink: /home/nomad/turtlebot3_ws/install/maze_navigation/share/maze_navigation/environment/ament_prefix_path.dsv
[0.639s] -- Up-to-date symlink: /home/nomad/turtlebot3_ws/install/maze_navigation/share/maze_navigation/environment/path.sh
[0.639s] -- Up-to-date symlink: /home/nomad/turtlebot3_ws/install/maze_navigation/share/maze_navigation/environment/path.dsv
[0.639s] -- Up-to-date symlink: /home/nomad/turtlebot3_ws/install/maze_navigation/share/maze_navigation/local_setup.bash
[0.640s] -- Up-to-date symlink: /home/nomad/turtlebot3_ws/install/maze_navigation/share/maze_navigation/local_setup.sh
[0.640s] -- Up-to-date symlink: /home/nomad/turtlebot3_ws/install/maze_navigation/share/maze_navigation/local_setup.zsh
[0.640s] -- Up-to-date symlink: /home/nomad/turtlebot3_ws/install/maze_navigation/share/maze_navigation/local_setup.dsv
[0.640s] -- Symlinking: /home/nomad/turtlebot3_ws/install/maze_navigation/share/maze_navigation/package.dsv
[0.648s] -- Up-to-date symlink: /home/nomad/turtlebot3_ws/install/maze_navigation/share/ament_index/resource_index/packages/maze_navigation
[0.648s] -- Up-to-date symlink: /home/nomad/turtlebot3_ws/install/maze_navigation/share/maze_navigation/cmake/maze_navigationConfig.cmake
[0.648s] -- Up-to-date symlink: /home/nomad/turtlebot3_ws/install/maze_navigation/share/maze_navigation/cmake/maze_navigationConfig-version.cmake
[0.648s] -- Up-to-date symlink: /home/nomad/turtlebot3_ws/install/maze_navigation/share/maze_navigation/package.xml
[0.650s] Invoked command in '/home/nomad/turtlebot3_ws/build/maze_navigation' returned '0': CMAKE_PREFIX_PATH=/home/nomad/turtlebot3_ws/install/turtlebot3_gazebo:/home/nomad/turtlebot3_ws/install/turtlebot3:/home/nomad/turtlebot3_ws/install/turtlebot3_simulations:/home/nomad/turtlebot3_ws/install/turtlebot3_bringup:/home/nomad/turtlebot3_ws/install/turtlebot3_node:/home/nomad/turtlebot3_ws/install/turtlebot3_navigation2:/home/nomad/turtlebot3_ws/install/maze_navigation:/home/nomad/turtlebot3_ws/install/turtlebot3_fake_node:/home/nomad/turtlebot3_ws/install/turtlebot3_description:/home/nomad/turtlebot3_ws/install/turtlebot3_cartographer:/opt/ros/jazzy/opt/gz_sim_vendor:/opt/ros/jazzy/opt/gz_sensors_vendor:/opt/ros/jazzy/opt/gz_physics_vendor:/opt/ros/jazzy/opt/sdformat_vendor:/opt/ros/jazzy/opt/gz_gui_vendor:/opt/ros/jazzy/opt/gz_transport_vendor:/opt/ros/jazzy/opt/gz_rendering_vendor:/opt/ros/jazzy/opt/gz_plugin_vendor:/opt/ros/jazzy/opt/gz_fuel_tools_vendor:/opt/ros/jazzy/opt/gz_msgs_vendor:/opt/ros/jazzy/opt/gz_common_vendor:/opt/ros/jazzy/opt/gz_math_vendor:/opt/ros/jazzy/opt/gz_utils_vendor:/opt/ros/jazzy/opt/gz_tools_vendor:/opt/ros/jazzy/opt/gz_ogre_next_vendor:/opt/ros/jazzy/opt/gz_dartsim_vendor:/opt/ros/jazzy/opt/gz_cmake_vendor:/home/nomad/turtlebot3_ws/install/turtlebot3_teleop:/home/nomad/turtlebot3_ws/install/turtlebot3_example:/opt/ros/jazzy DEBUGINFOD_URLS=https://debuginfod.ubuntu.com /usr/bin/cmake --install /home/nomad/turtlebot3_ws/build/maze_navigation
