[0.022s] Invoking command in '/home/nomad/turtlebot3_ws/build/maze_navigation': CMAKE_PREFIX_PATH=/home/nomad/turtlebot3_ws/install/turtlebot3_navigation2:/home/nomad/turtlebot3_ws/install/turtlebot3_gazebo:/home/nomad/turtlebot3_ws/install/maze_navigation:/home/nomad/turtlebot3_ws/install/turtlebot3:/home/nomad/turtlebot3_ws/install/turtlebot3_simulations:/home/nomad/turtlebot3_ws/install/turtlebot3_bringup:/home/nomad/turtlebot3_ws/install/turtlebot3_node:/home/nomad/turtlebot3_ws/install/turtlebot3_fake_node:/home/nomad/turtlebot3_ws/install/turtlebot3_description:/home/nomad/turtlebot3_ws/install/turtlebot3_cartographer:/opt/ros/jazzy/opt/gz_sim_vendor:/opt/ros/jazzy/opt/gz_sensors_vendor:/opt/ros/jazzy/opt/gz_physics_vendor:/opt/ros/jazzy/opt/sdformat_vendor:/opt/ros/jazzy/opt/gz_gui_vendor:/opt/ros/jazzy/opt/gz_transport_vendor:/opt/ros/jazzy/opt/gz_rendering_vendor:/opt/ros/jazzy/opt/gz_plugin_vendor:/opt/ros/jazzy/opt/gz_fuel_tools_vendor:/opt/ros/jazzy/opt/gz_msgs_vendor:/opt/ros/jazzy/opt/gz_common_vendor:/opt/ros/jazzy/opt/gz_tools_vendor:/opt/ros/jazzy/opt/gz_ogre_next_vendor:/opt/ros/jazzy/opt/gz_dartsim_vendor:/opt/ros/jazzy/opt/gz_math_vendor:/opt/ros/jazzy/opt/gz_utils_vendor:/opt/ros/jazzy/opt/gz_cmake_vendor:/home/nomad/turtlebot3_ws/install/turtlebot3_teleop:/home/nomad/turtlebot3_ws/install/turtlebot3_example:/opt/ros/jazzy DEBUGINFOD_URLS=https://debuginfod.ubuntu.com /usr/bin/cmake /home/nomad/turtlebot3_ws/src/maze_navigation -DAMENT_CMAKE_SYMLINK_INSTALL=1 -DCMAKE_INSTALL_PREFIX=/home/nomad/turtlebot3_ws/install/maze_navigation
[0.109s] -- The C compiler identification is GNU 13.3.0
[0.175s] -- The CXX compiler identification is GNU 13.3.0
[0.192s] -- Detecting C compiler ABI info
[0.307s] -- Detecting C compiler ABI info - done
[0.317s] -- Check for working C compiler: /usr/bin/cc - skipped
[0.317s] -- Detecting C compile features
[0.318s] -- Detecting C compile features - done
[0.327s] -- Detecting CXX compiler ABI info
[0.453s] -- Detecting CXX compiler ABI info - done
[0.462s] -- Check for working CXX compiler: /usr/bin/c++ - skipped
[0.462s] -- Detecting CXX compile features
[0.467s] -- Detecting CXX compile features - done
[0.471s] -- Found ament_cmake: 2.5.4 (/opt/ros/jazzy/share/ament_cmake/cmake)
[0.661s] -- Found Python3: /usr/bin/python3 (found version "3.12.3") found components: Interpreter 
[0.764s] -- Override CMake install command with custom implementation using symlinks instead of copying resources
[0.935s] -- Configuring done (0.9s)
[0.942s] -- Generating done (0.0s)
[0.945s] -- Build files have been written to: /home/nomad/turtlebot3_ws/build/maze_navigation
[0.953s] Invoked command in '/home/nomad/turtlebot3_ws/build/maze_navigation' returned '0': CMAKE_PREFIX_PATH=/home/nomad/turtlebot3_ws/install/turtlebot3_navigation2:/home/nomad/turtlebot3_ws/install/turtlebot3_gazebo:/home/nomad/turtlebot3_ws/install/maze_navigation:/home/nomad/turtlebot3_ws/install/turtlebot3:/home/nomad/turtlebot3_ws/install/turtlebot3_simulations:/home/nomad/turtlebot3_ws/install/turtlebot3_bringup:/home/nomad/turtlebot3_ws/install/turtlebot3_node:/home/nomad/turtlebot3_ws/install/turtlebot3_fake_node:/home/nomad/turtlebot3_ws/install/turtlebot3_description:/home/nomad/turtlebot3_ws/install/turtlebot3_cartographer:/opt/ros/jazzy/opt/gz_sim_vendor:/opt/ros/jazzy/opt/gz_sensors_vendor:/opt/ros/jazzy/opt/gz_physics_vendor:/opt/ros/jazzy/opt/sdformat_vendor:/opt/ros/jazzy/opt/gz_gui_vendor:/opt/ros/jazzy/opt/gz_transport_vendor:/opt/ros/jazzy/opt/gz_rendering_vendor:/opt/ros/jazzy/opt/gz_plugin_vendor:/opt/ros/jazzy/opt/gz_fuel_tools_vendor:/opt/ros/jazzy/opt/gz_msgs_vendor:/opt/ros/jazzy/opt/gz_common_vendor:/opt/ros/jazzy/opt/gz_tools_vendor:/opt/ros/jazzy/opt/gz_ogre_next_vendor:/opt/ros/jazzy/opt/gz_dartsim_vendor:/opt/ros/jazzy/opt/gz_math_vendor:/opt/ros/jazzy/opt/gz_utils_vendor:/opt/ros/jazzy/opt/gz_cmake_vendor:/home/nomad/turtlebot3_ws/install/turtlebot3_teleop:/home/nomad/turtlebot3_ws/install/turtlebot3_example:/opt/ros/jazzy DEBUGINFOD_URLS=https://debuginfod.ubuntu.com /usr/bin/cmake /home/nomad/turtlebot3_ws/src/maze_navigation -DAMENT_CMAKE_SYMLINK_INSTALL=1 -DCMAKE_INSTALL_PREFIX=/home/nomad/turtlebot3_ws/install/maze_navigation
[0.954s] Invoking command in '/home/nomad/turtlebot3_ws/build/maze_navigation': CMAKE_PREFIX_PATH=/home/nomad/turtlebot3_ws/install/turtlebot3_navigation2:/home/nomad/turtlebot3_ws/install/turtlebot3_gazebo:/home/nomad/turtlebot3_ws/install/maze_navigation:/home/nomad/turtlebot3_ws/install/turtlebot3:/home/nomad/turtlebot3_ws/install/turtlebot3_simulations:/home/nomad/turtlebot3_ws/install/turtlebot3_bringup:/home/nomad/turtlebot3_ws/install/turtlebot3_node:/home/nomad/turtlebot3_ws/install/turtlebot3_fake_node:/home/nomad/turtlebot3_ws/install/turtlebot3_description:/home/nomad/turtlebot3_ws/install/turtlebot3_cartographer:/opt/ros/jazzy/opt/gz_sim_vendor:/opt/ros/jazzy/opt/gz_sensors_vendor:/opt/ros/jazzy/opt/gz_physics_vendor:/opt/ros/jazzy/opt/sdformat_vendor:/opt/ros/jazzy/opt/gz_gui_vendor:/opt/ros/jazzy/opt/gz_transport_vendor:/opt/ros/jazzy/opt/gz_rendering_vendor:/opt/ros/jazzy/opt/gz_plugin_vendor:/opt/ros/jazzy/opt/gz_fuel_tools_vendor:/opt/ros/jazzy/opt/gz_msgs_vendor:/opt/ros/jazzy/opt/gz_common_vendor:/opt/ros/jazzy/opt/gz_tools_vendor:/opt/ros/jazzy/opt/gz_ogre_next_vendor:/opt/ros/jazzy/opt/gz_dartsim_vendor:/opt/ros/jazzy/opt/gz_math_vendor:/opt/ros/jazzy/opt/gz_utils_vendor:/opt/ros/jazzy/opt/gz_cmake_vendor:/home/nomad/turtlebot3_ws/install/turtlebot3_teleop:/home/nomad/turtlebot3_ws/install/turtlebot3_example:/opt/ros/jazzy DEBUGINFOD_URLS=https://debuginfod.ubuntu.com /usr/bin/cmake --build /home/nomad/turtlebot3_ws/build/maze_navigation -- -j2 -l2
[0.996s] Invoked command in '/home/nomad/turtlebot3_ws/build/maze_navigation' returned '0': CMAKE_PREFIX_PATH=/home/nomad/turtlebot3_ws/install/turtlebot3_navigation2:/home/nomad/turtlebot3_ws/install/turtlebot3_gazebo:/home/nomad/turtlebot3_ws/install/maze_navigation:/home/nomad/turtlebot3_ws/install/turtlebot3:/home/nomad/turtlebot3_ws/install/turtlebot3_simulations:/home/nomad/turtlebot3_ws/install/turtlebot3_bringup:/home/nomad/turtlebot3_ws/install/turtlebot3_node:/home/nomad/turtlebot3_ws/install/turtlebot3_fake_node:/home/nomad/turtlebot3_ws/install/turtlebot3_description:/home/nomad/turtlebot3_ws/install/turtlebot3_cartographer:/opt/ros/jazzy/opt/gz_sim_vendor:/opt/ros/jazzy/opt/gz_sensors_vendor:/opt/ros/jazzy/opt/gz_physics_vendor:/opt/ros/jazzy/opt/sdformat_vendor:/opt/ros/jazzy/opt/gz_gui_vendor:/opt/ros/jazzy/opt/gz_transport_vendor:/opt/ros/jazzy/opt/gz_rendering_vendor:/opt/ros/jazzy/opt/gz_plugin_vendor:/opt/ros/jazzy/opt/gz_fuel_tools_vendor:/opt/ros/jazzy/opt/gz_msgs_vendor:/opt/ros/jazzy/opt/gz_common_vendor:/opt/ros/jazzy/opt/gz_tools_vendor:/opt/ros/jazzy/opt/gz_ogre_next_vendor:/opt/ros/jazzy/opt/gz_dartsim_vendor:/opt/ros/jazzy/opt/gz_math_vendor:/opt/ros/jazzy/opt/gz_utils_vendor:/opt/ros/jazzy/opt/gz_cmake_vendor:/home/nomad/turtlebot3_ws/install/turtlebot3_teleop:/home/nomad/turtlebot3_ws/install/turtlebot3_example:/opt/ros/jazzy DEBUGINFOD_URLS=https://debuginfod.ubuntu.com /usr/bin/cmake --build /home/nomad/turtlebot3_ws/build/maze_navigation -- -j2 -l2
[0.996s] Invoking command in '/home/nomad/turtlebot3_ws/build/maze_navigation': CMAKE_PREFIX_PATH=/home/nomad/turtlebot3_ws/install/turtlebot3_navigation2:/home/nomad/turtlebot3_ws/install/turtlebot3_gazebo:/home/nomad/turtlebot3_ws/install/maze_navigation:/home/nomad/turtlebot3_ws/install/turtlebot3:/home/nomad/turtlebot3_ws/install/turtlebot3_simulations:/home/nomad/turtlebot3_ws/install/turtlebot3_bringup:/home/nomad/turtlebot3_ws/install/turtlebot3_node:/home/nomad/turtlebot3_ws/install/turtlebot3_fake_node:/home/nomad/turtlebot3_ws/install/turtlebot3_description:/home/nomad/turtlebot3_ws/install/turtlebot3_cartographer:/opt/ros/jazzy/opt/gz_sim_vendor:/opt/ros/jazzy/opt/gz_sensors_vendor:/opt/ros/jazzy/opt/gz_physics_vendor:/opt/ros/jazzy/opt/sdformat_vendor:/opt/ros/jazzy/opt/gz_gui_vendor:/opt/ros/jazzy/opt/gz_transport_vendor:/opt/ros/jazzy/opt/gz_rendering_vendor:/opt/ros/jazzy/opt/gz_plugin_vendor:/opt/ros/jazzy/opt/gz_fuel_tools_vendor:/opt/ros/jazzy/opt/gz_msgs_vendor:/opt/ros/jazzy/opt/gz_common_vendor:/opt/ros/jazzy/opt/gz_tools_vendor:/opt/ros/jazzy/opt/gz_ogre_next_vendor:/opt/ros/jazzy/opt/gz_dartsim_vendor:/opt/ros/jazzy/opt/gz_math_vendor:/opt/ros/jazzy/opt/gz_utils_vendor:/opt/ros/jazzy/opt/gz_cmake_vendor:/home/nomad/turtlebot3_ws/install/turtlebot3_teleop:/home/nomad/turtlebot3_ws/install/turtlebot3_example:/opt/ros/jazzy DEBUGINFOD_URLS=https://debuginfod.ubuntu.com /usr/bin/cmake --install /home/nomad/turtlebot3_ws/build/maze_navigation
[1.007s] -- Install configuration: ""
[1.007s] -- Execute custom install script
[1.008s] -- Symlinking: /home/nomad/turtlebot3_ws/install/maze_navigation/share/maze_navigation//launch/maze_world.launch.py
[1.021s] -- Symlinking: /home/nomad/turtlebot3_ws/install/maze_navigation/share/maze_navigation//launch/slam.launch.py
[1.027s] -- Symlinking: /home/nomad/turtlebot3_ws/install/maze_navigation/share/maze_navigation//worlds/maze.world
[1.039s] -- Symlinking: /home/nomad/turtlebot3_ws/install/maze_navigation/share/maze_navigation//config/mapper_params_online_async.yaml
[1.047s] -- Symlinking: /home/nomad/turtlebot3_ws/install/maze_navigation/share/maze_navigation//config/slam_params.yaml
[1.049s] -- Symlinking: /home/nomad/turtlebot3_ws/install/maze_navigation/share/ament_index/resource_index/package_run_dependencies/maze_navigation
[1.056s] -- Symlinking: /home/nomad/turtlebot3_ws/install/maze_navigation/share/ament_index/resource_index/parent_prefix_path/maze_navigation
[1.074s] -- Symlinking: /home/nomad/turtlebot3_ws/install/maze_navigation/share/maze_navigation/environment/ament_prefix_path.sh
[1.097s] -- Symlinking: /home/nomad/turtlebot3_ws/install/maze_navigation/share/maze_navigation/environment/ament_prefix_path.dsv
[1.118s] -- Symlinking: /home/nomad/turtlebot3_ws/install/maze_navigation/share/maze_navigation/environment/path.sh
[1.130s] -- Symlinking: /home/nomad/turtlebot3_ws/install/maze_navigation/share/maze_navigation/environment/path.dsv
[1.137s] -- Symlinking: /home/nomad/turtlebot3_ws/install/maze_navigation/share/maze_navigation/local_setup.bash
[1.159s] -- Symlinking: /home/nomad/turtlebot3_ws/install/maze_navigation/share/maze_navigation/local_setup.sh
[1.174s] -- Symlinking: /home/nomad/turtlebot3_ws/install/maze_navigation/share/maze_navigation/local_setup.zsh
[1.182s] -- Symlinking: /home/nomad/turtlebot3_ws/install/maze_navigation/share/maze_navigation/local_setup.dsv
[1.191s] -- Symlinking: /home/nomad/turtlebot3_ws/install/maze_navigation/share/maze_navigation/package.dsv
[1.197s] -- Symlinking: /home/nomad/turtlebot3_ws/install/maze_navigation/share/ament_index/resource_index/packages/maze_navigation
[1.208s] -- Symlinking: /home/nomad/turtlebot3_ws/install/maze_navigation/share/maze_navigation/cmake/maze_navigationConfig.cmake
[1.217s] -- Symlinking: /home/nomad/turtlebot3_ws/install/maze_navigation/share/maze_navigation/cmake/maze_navigationConfig-version.cmake
[1.224s] -- Symlinking: /home/nomad/turtlebot3_ws/install/maze_navigation/share/maze_navigation/package.xml
[1.235s] Invoked command in '/home/nomad/turtlebot3_ws/build/maze_navigation' returned '0': CMAKE_PREFIX_PATH=/home/nomad/turtlebot3_ws/install/turtlebot3_navigation2:/home/nomad/turtlebot3_ws/install/turtlebot3_gazebo:/home/nomad/turtlebot3_ws/install/maze_navigation:/home/nomad/turtlebot3_ws/install/turtlebot3:/home/nomad/turtlebot3_ws/install/turtlebot3_simulations:/home/nomad/turtlebot3_ws/install/turtlebot3_bringup:/home/nomad/turtlebot3_ws/install/turtlebot3_node:/home/nomad/turtlebot3_ws/install/turtlebot3_fake_node:/home/nomad/turtlebot3_ws/install/turtlebot3_description:/home/nomad/turtlebot3_ws/install/turtlebot3_cartographer:/opt/ros/jazzy/opt/gz_sim_vendor:/opt/ros/jazzy/opt/gz_sensors_vendor:/opt/ros/jazzy/opt/gz_physics_vendor:/opt/ros/jazzy/opt/sdformat_vendor:/opt/ros/jazzy/opt/gz_gui_vendor:/opt/ros/jazzy/opt/gz_transport_vendor:/opt/ros/jazzy/opt/gz_rendering_vendor:/opt/ros/jazzy/opt/gz_plugin_vendor:/opt/ros/jazzy/opt/gz_fuel_tools_vendor:/opt/ros/jazzy/opt/gz_msgs_vendor:/opt/ros/jazzy/opt/gz_common_vendor:/opt/ros/jazzy/opt/gz_tools_vendor:/opt/ros/jazzy/opt/gz_ogre_next_vendor:/opt/ros/jazzy/opt/gz_dartsim_vendor:/opt/ros/jazzy/opt/gz_math_vendor:/opt/ros/jazzy/opt/gz_utils_vendor:/opt/ros/jazzy/opt/gz_cmake_vendor:/home/nomad/turtlebot3_ws/install/turtlebot3_teleop:/home/nomad/turtlebot3_ws/install/turtlebot3_example:/opt/ros/jazzy DEBUGINFOD_URLS=https://debuginfod.ubuntu.com /usr/bin/cmake --install /home/nomad/turtlebot3_ws/build/maze_navigation
