-- Install configuration: ""
-- Execute custom install script
-- Up-to-date symlink: /home/nomad/turtlebot3_ws/install/maze_navigation/share/maze_navigation//launch/maze_world.launch.py
-- Up-to-date symlink: /home/nomad/turtlebot3_ws/install/maze_navigation/share/maze_navigation//launch/maze_world_simple.launch.py
-- Up-to-date symlink: /home/nomad/turtlebot3_ws/install/maze_navigation/share/maze_navigation//launch/slam.launch.py
-- Up-to-date symlink: /home/nomad/turtlebot3_ws/install/maze_navigation/share/maze_navigation//worlds/maze.world
-- Up-to-date symlink: /home/nomad/turtlebot3_ws/install/maze_navigation/share/maze_navigation//config/mapper_params_online_async.yaml
-- Up-to-date symlink: /home/nomad/turtlebot3_ws/install/maze_navigation/share/maze_navigation//config/slam_params.yaml
-- Up-to-date symlink: /home/nomad/turtlebot3_ws/install/maze_navigation/share/ament_index/resource_index/package_run_dependencies/maze_navigation
-- Up-to-date symlink: /home/nomad/turtlebot3_ws/install/maze_navigation/share/ament_index/resource_index/parent_prefix_path/maze_navigation
-- Up-to-date symlink: /home/nomad/turtlebot3_ws/install/maze_navigation/share/maze_navigation/environment/ament_prefix_path.sh
-- Up-to-date symlink: /home/nomad/turtlebot3_ws/install/maze_navigation/share/maze_navigation/environment/ament_prefix_path.dsv
-- Up-to-date symlink: /home/nomad/turtlebot3_ws/install/maze_navigation/share/maze_navigation/environment/path.sh
-- Up-to-date symlink: /home/nomad/turtlebot3_ws/install/maze_navigation/share/maze_navigation/environment/path.dsv
-- Up-to-date symlink: /home/nomad/turtlebot3_ws/install/maze_navigation/share/maze_navigation/local_setup.bash
-- Up-to-date symlink: /home/nomad/turtlebot3_ws/install/maze_navigation/share/maze_navigation/local_setup.sh
-- Up-to-date symlink: /home/nomad/turtlebot3_ws/install/maze_navigation/share/maze_navigation/local_setup.zsh
-- Up-to-date symlink: /home/nomad/turtlebot3_ws/install/maze_navigation/share/maze_navigation/local_setup.dsv
-- Symlinking: /home/nomad/turtlebot3_ws/install/maze_navigation/share/maze_navigation/package.dsv
-- Up-to-date symlink: /home/nomad/turtlebot3_ws/install/maze_navigation/share/ament_index/resource_index/packages/maze_navigation
-- Up-to-date symlink: /home/nomad/turtlebot3_ws/install/maze_navigation/share/maze_navigation/cmake/maze_navigationConfig.cmake
-- Up-to-date symlink: /home/nomad/turtlebot3_ws/install/maze_navigation/share/maze_navigation/cmake/maze_navigationConfig-version.cmake
-- Up-to-date symlink: /home/nomad/turtlebot3_ws/install/maze_navigation/share/maze_navigation/package.xml
