[1.439s] Invoking command in '/home/nomad/turtlebot3_ws/build/turtlebot3_example': DEBUGINFOD_URLS=https://debuginfod.ubuntu.com PYTHONPATH=/home/nomad/turtlebot3_ws/build/turtlebot3_example/prefix_override:/usr/lib/python3/dist-packages/colcon_core/task/python/colcon_distutils_commands:/home/nomad/turtlebot3_ws/install/turtlebot3_example/lib/python3.12/site-packages:${PYTHONPATH} /usr/bin/python3 -W ignore:setup.py install is deprecated -W ignore:easy_install command is deprecated setup.py develop --editable --build-directory /home/nomad/turtlebot3_ws/build/turtlebot3_example/build --no-deps symlink_data
[1.720s] running develop
[1.973s] running egg_info
[1.999s] writing turtlebot3_example.egg-info/PKG-INFO
[1.999s] writing dependency_links to turtlebot3_example.egg-info/dependency_links.txt
[1.999s] writing entry points to turtlebot3_example.egg-info/entry_points.txt
[2.000s] writing requirements to turtlebot3_example.egg-info/requires.txt
[2.000s] writing top-level names to turtlebot3_example.egg-info/top_level.txt
[2.039s] reading manifest file 'turtlebot3_example.egg-info/SOURCES.txt'
[2.045s] writing manifest file 'turtlebot3_example.egg-info/SOURCES.txt'
[2.065s] running build_ext
[2.065s] Creating /home/nomad/turtlebot3_ws/install/turtlebot3_example/lib/python3.12/site-packages/turtlebot3-example.egg-link (link to .)
[2.070s] Installing turtlebot3_absolute_move script to /home/nomad/turtlebot3_ws/install/turtlebot3_example/lib/turtlebot3_example
[2.071s] Installing turtlebot3_interactive_marker script to /home/nomad/turtlebot3_ws/install/turtlebot3_example/lib/turtlebot3_example
[2.071s] Installing turtlebot3_obstacle_detection script to /home/nomad/turtlebot3_ws/install/turtlebot3_example/lib/turtlebot3_example
[2.072s] Installing turtlebot3_patrol_client script to /home/nomad/turtlebot3_ws/install/turtlebot3_example/lib/turtlebot3_example
[2.073s] Installing turtlebot3_patrol_server script to /home/nomad/turtlebot3_ws/install/turtlebot3_example/lib/turtlebot3_example
[2.073s] Installing turtlebot3_relative_move script to /home/nomad/turtlebot3_ws/install/turtlebot3_example/lib/turtlebot3_example
[2.073s] 
[2.073s] Installed /home/nomad/turtlebot3_ws/build/turtlebot3_example
[2.073s] running symlink_data
[2.117s] Invoked command in '/home/nomad/turtlebot3_ws/build/turtlebot3_example' returned '0': DEBUGINFOD_URLS=https://debuginfod.ubuntu.com PYTHONPATH=/home/nomad/turtlebot3_ws/build/turtlebot3_example/prefix_override:/usr/lib/python3/dist-packages/colcon_core/task/python/colcon_distutils_commands:/home/nomad/turtlebot3_ws/install/turtlebot3_example/lib/python3.12/site-packages:${PYTHONPATH} /usr/bin/python3 -W ignore:setup.py install is deprecated -W ignore:easy_install command is deprecated setup.py develop --editable --build-directory /home/nomad/turtlebot3_ws/build/turtlebot3_example/build --no-deps symlink_data
